{"numFailedTestSuites":7,"numFailedTests":20,"numPassedTestSuites":50,"numPassedTests":555,"numPendingTestSuites":0,"numPendingTests":0,"numRuntimeErrorTestSuites":0,"numTodoTests":0,"numTotalTestSuites":57,"numTotalTests":575,"openHandles":[],"snapshot":{"added":0,"didUpdate":false,"failure":false,"filesAdded":0,"filesRemoved":0,"filesRemovedList":[],"filesUnmatched":0,"filesUpdated":0,"matched":0,"total":0,"unchecked":0,"uncheckedKeysByFile":[],"unmatched":0,"updated":0},"startTime":1786377226662,"success":false,"testResults":[{"assertionResults":[{"ancestorTitles":["Admin route-level authorization (#1444)","/admin (root index)"],"duration":41,"failing":false,"failureDetails":[],"failureMessages":[],"fullName":"Admin route-level authorization (#1444) /admin (root index) redirects unauthenticated users to /login and hides the admin UI","invocations":1,"location":null,"numPassingAsserts":9,"retryReasons":[],"startAt":1786377231471,"status":"passed","title":"redirects unauthenticated users to /login and hides the admin UI"},{"ancestorTitles":["Admin route-level authorization (#1444)","/admin (root index)"],"duration":6,"failing":false,"failureDetails":[],"failureMessages":[],"fullName":"Admin route-level authorization (#1444) /admin (root index) redirects authenticated non-admin users to /dashboard and hides the admin UI","invocations":1,"location":null,"numPassingAsserts":9,"retryReasons":[],"startAt":1786377231513,"status":"passed","title":"redirects authenticated non-admin users to /dashboard and hides the admin UI"},{"ancestorTitles":["Admin route-level authorization (#1444)","/admin (root index)"],"duration":21,"failing":false,"failureDetails":[],"failureMessages":[],"fullName":"Admin route-level authorization (#1444) /admin (root index) renders the admin layout for authenticated admins without redirecting","invocations":1,"location":null,"numPassingAsserts":3,"retryReasons":[],"startAt":1786377231520,"status":"passed","title":"renders the admin layout for authenticated admins without redirecting"},{"ancestorTitles":["Admin route-level authorization (#1444)","/admin (root index)"],"duration":3,"failing":false,"failureDetails":[],"failureMessages":[],"fullName":"Admin route-level authorization (#1444) /admin (root index) renders nothing during the loading phase and fires no redirect","invocations":1,"location":null,"numPassingAsserts":9,"retryReasons":[],"startAt":1786377231541,"status":"passed","title":"renders nothing during the loading phase and fires no redirect"},{"ancestorTitles":["Admin route-level authorization (#1444)","/admin (root index)"],"duration":5,"failing":false,"failureDetails":[],"failureMessages":[],"fullName":"Admin route-level authorization (#1444) /admin (root index) does not loop on a single unauthorized mount","invocations":1,"location":null,"numPassingAsserts":2,"retryReasons":[],"startAt":1786377231544,"status":"passed","title":"does not loop on a single unauthorized mount"},{"ancestorTitles":["Admin route-level authorization (#1444)","/admin/dashboard"],"duration":16,"failing":false,"failureDetails":[],"failureMessages":[],"fullName":"Admin route-level authorization (#1444) /admin/dashboard redirects unauthenticated users to /login and hides the admin UI","invocations":1,"location":null,"numPassingAsserts":9,"retryReasons":[],"startAt":1786377231549,"status":"passed","title":"redirects unauthenticated users to /login and hides the admin UI"},{"ancestorTitles":["Admin route-level authorization (#1444)","/admin/dashboard"],"duration":7,"failing":false,"failureDetails":[],"failureMessages":[],"fullName":"Admin route-level authorization (#1444) /admin/dashboard redirects authenticated non-admin users to /dashboard and hides the admin UI","invocations":1,"location":null,"numPassingAsserts":9,"retryReasons":[],"startAt":1786377231566,"status":"passed","title":"redirects authenticated non-admin users to /dashboard and hides the admin UI"},{"ancestorTitles":["Admin route-level authorization (#1444)","/admin/dashboard"],"duration":8,"failing":false,"failureDetails":[],"failureMessages":[],"fullName":"Admin route-level authorization (#1444) /admin/dashboard renders the admin layout for authenticated admins without redirecting","invocations":1,"location":null,"numPassingAsserts":3,"retryReasons":[],"startAt":1786377231573,"status":"passed","title":"renders the admin layout for authenticated admins without redirecting"},{"ancestorTitles":["Admin route-level authorization (#1444)","/admin/dashboard"],"duration":2,"failing":false,"failureDetails":[],"failureMessages":[],"fullName":"Admin route-level authorization (#1444) /admin/dashboard renders nothing during the loading phase and fires no redirect","invocations":1,"location":null,"numPassingAsserts":9,"retryReasons":[],"startAt":1786377231581,"status":"passed","title":"renders nothing during the loading phase and fires no redirect"},{"ancestorTitles":["Admin route-level authorization (#1444)","/admin/dashboard"],"duration":14,"failing":false,"failureDetails":[],"failureMessages":[],"fullName":"Admin route-level authorization (#1444) /admin/dashboard does not loop on a single unauthorized mount","invocations":1,"location":null,"numPassingAsserts":2,"retryReasons":[],"startAt":1786377231584,"status":"passed","title":"does not loop on a single unauthorized mount"},{"ancestorTitles":["Admin route-level authorization (#1444)","/admin/users"],"duration":15,"failing":false,"failureDetails":[],"failureMessages":[],"fullName":"Admin route-level authorization (#1444) /admin/users redirects unauthenticated users to /login and hides the admin UI","invocations":1,"location":null,"numPassingAsserts":9,"retryReasons":[],"startAt":1786377231598,"status":"passed","title":"redirects unauthenticated users to /login and hides the admin UI"},{"ancestorTitles":["Admin route-level authorization (#1444)","/admin/users"],"duration":15,"failing":false,"failureDetails":[],"failureMessages":[],"fullName":"Admin route-level authorization (#1444) /admin/users redirects authenticated non-admin users to /dashboard and hides the admin UI","invocations":1,"location":null,"numPassingAsserts":9,"retryReasons":[],"startAt":1786377231613,"status":"passed","title":"redirects authenticated non-admin users to /dashboard and hides the admin UI"},{"ancestorTitles":["Admin route-level authorization (#1444)","/admin/users"],"duration":8,"failing":false,"failureDetails":[],"failureMessages":[],"fullName":"Admin route-level authorization (#1444) /admin/users renders the admin layout for authenticated admins without redirecting","invocations":1,"location":null,"numPassingAsserts":3,"retryReasons":[],"startAt":1786377231628,"status":"passed","title":"renders the admin layout for authenticated admins without redirecting"},{"ancestorTitles":["Admin route-level authorization (#1444)","/admin/users"],"duration":3,"failing":false,"failureDetails":[],"failureMessages":[],"fullName":"Admin route-level authorization (#1444) /admin/users renders nothing during the loading phase and fires no redirect","invocations":1,"location":null,"numPassingAsserts":9,"retryReasons":[],"startAt":1786377231636,"status":"passed","title":"renders nothing during the loading phase and fires no redirect"},{"ancestorTitles":["Admin route-level authorization (#1444)","/admin/users"],"duration":3,"failing":false,"failureDetails":[],"failureMessages":[],"fullName":"Admin route-level authorization (#1444) /admin/users does not loop on a single unauthorized mount","invocations":1,"location":null,"numPassingAsserts":2,"retryReasons":[],"startAt":1786377231639,"status":"passed","title":"does not loop on a single unauthorized mount"},{"ancestorTitles":["Admin route-level authorization (#1444)","/admin/reports"],"duration":15,"failing":false,"failureDetails":[],"failureMessages":[],"fullName":"Admin route-level authorization (#1444) /admin/reports redirects unauthenticated users to /login and hides the admin UI","invocations":1,"location":null,"numPassingAsserts":9,"retryReasons":[],"startAt":1786377231642,"status":"passed","title":"redirects unauthenticated users to /login and hides the admin UI"},{"ancestorTitles":["Admin route-level authorization (#1444)","/admin/reports"],"duration":5,"failing":false,"failureDetails":[],"failureMessages":[],"fullName":"Admin route-level authorization (#1444) /admin/reports redirects authenticated non-admin users to /dashboard and hides the admin UI","invocations":1,"location":null,"numPassingAsserts":9,"retryReasons":[],"startAt":1786377231658,"status":"passed","title":"redirects authenticated non-admin users to /dashboard and hides the admin UI"},{"ancestorTitles":["Admin route-level authorization (#1444)","/admin/reports"],"duration":13,"failing":false,"failureDetails":[],"failureMessages":[],"fullName":"Admin route-level authorization (#1444) /admin/reports renders the admin layout for authenticated admins without redirecting","invocations":1,"location":null,"numPassingAsserts":3,"retryReasons":[],"startAt":1786377231663,"status":"passed","title":"renders the admin layout for authenticated admins without redirecting"},{"ancestorTitles":["Admin route-level authorization (#1444)","/admin/reports"],"duration":4,"failing":false,"failureDetails":[],"failureMessages":[],"fullName":"Admin route-level authorization (#1444) /admin/reports renders nothing during the loading phase and fires no redirect","invocations":1,"location":null,"numPassingAsserts":9,"retryReasons":[],"startAt":1786377231676,"status":"passed","title":"renders nothing during the loading phase and fires no redirect"},{"ancestorTitles":["Admin route-level authorization (#1444)","/admin/reports"],"duration":7,"failing":false,"failureDetails":[],"failureMessages":[],"fullName":"Admin route-level authorization (#1444) /admin/reports does not loop on a single unauthorized mount","invocations":1,"location":null,"numPassingAsserts":2,"retryReasons":[],"startAt":1786377231680,"status":"passed","title":"does not loop on a single unauthorized mount"},{"ancestorTitles":["Admin route-level authorization (#1444)","/admin/audit-logs"],"duration":15,"failing":false,"failureDetails":[],"failureMessages":[],"fullName":"Admin route-level authorization (#1444) /admin/audit-logs redirects unauthenticated users to /login and hides the admin UI","invocations":1,"location":null,"numPassingAsserts":9,"retryReasons":[],"startAt":1786377231688,"status":"passed","title":"redirects unauthenticated users to /login and hides the admin UI"},{"ancestorTitles":["Admin route-level authorization (#1444)","/admin/audit-logs"],"duration":15,"failing":false,"failureDetails":[],"failureMessages":[],"fullName":"Admin route-level authorization (#1444) /admin/audit-logs redirects authenticated non-admin users to /dashboard and hides the admin UI","invocations":1,"location":null,"numPassingAsserts":9,"retryReasons":[],"startAt":1786377231703,"status":"passed","title":"redirects authenticated non-admin users to /dashboard and hides the admin UI"},{"ancestorTitles":["Admin route-level authorization (#1444)","/admin/audit-logs"],"duration":9,"failing":false,"failureDetails":[],"failureMessages":[],"fullName":"Admin route-level authorization (#1444) /admin/audit-logs renders the admin layout for authenticated admins without redirecting","invocations":1,"location":null,"numPassingAsserts":3,"retryReasons":[],"startAt":1786377231719,"status":"passed","title":"renders the admin layout for authenticated admins without redirecting"},{"ancestorTitles":["Admin route-level authorization (#1444)","/admin/audit-logs"],"duration":2,"failing":false,"failureDetails":[],"failureMessages":[],"fullName":"Admin route-level authorization (#1444) /admin/audit-logs renders nothing during the loading phase and fires no redirect","invocations":1,"location":null,"numPassingAsserts":9,"retryReasons":[],"startAt":1786377231729,"status":"passed","title":"renders nothing during the loading phase and fires no redirect"},{"ancestorTitles":["Admin route-level authorization (#1444)","/admin/audit-logs"],"duration":19,"failing":false,"failureDetails":[],"failureMessages":[],"fullName":"Admin route-level authorization (#1444) /admin/audit-logs does not loop on a single unauthorized mount","invocations":1,"location":null,"numPassingAsserts":2,"retryReasons":[],"startAt":1786377231731,"status":"passed","title":"does not loop on a single unauthorized mount"},{"ancestorTitles":["Admin route-level authorization (#1444)","/admin/notifications"],"duration":14,"failing":false,"failureDetails":[],"failureMessages":[],"fullName":"Admin route-level authorization (#1444) /admin/notifications redirects unauthenticated users to /login and hides the admin UI","invocations":1,"location":null,"numPassingAsserts":9,"retryReasons":[],"startAt":1786377231751,"status":"passed","title":"redirects unauthenticated users to /login and hides the admin UI"},{"ancestorTitles":["Admin route-level authorization (#1444)","/admin/notifications"],"duration":16,"failing":false,"failureDetails":[],"failureMessages":[],"fullName":"Admin route-level authorization (#1444) /admin/notifications redirects authenticated non-admin users to /dashboard and hides the admin UI","invocations":1,"location":null,"numPassingAsserts":9,"retryReasons":[],"startAt":1786377231765,"status":"passed","title":"redirects authenticated non-admin users to /dashboard and hides the admin UI"},{"ancestorTitles":["Admin route-level authorization (#1444)","/admin/notifications"],"duration":7,"failing":false,"failureDetails":[],"failureMessages":[],"fullName":"Admin route-level authorization (#1444) /admin/notifications renders the admin layout for authenticated admins without redirecting","invocations":1,"location":null,"numPassingAsserts":3,"retryReasons":[],"startAt":1786377231781,"status":"passed","title":"renders the admin layout for authenticated admins without redirecting"},{"ancestorTitles":["Admin route-level authorization (#1444)","/admin/notifications"],"duration":2,"failing":false,"failureDetails":[],"failureMessages":[],"fullName":"Admin route-level authorization (#1444) /admin/notifications renders nothing during the loading phase and fires no redirect","invocations":1,"location":null,"numPassingAsserts":9,"retryReasons":[],"startAt":1786377231788,"status":"passed","title":"renders nothing during the loading phase and fires no redirect"},{"ancestorTitles":["Admin route-level authorization (#1444)","/admin/notifications"],"duration":3,"failing":false,"failureDetails":[],"failureMessages":[],"fullName":"Admin route-level authorization (#1444) /admin/notifications does not loop on a single unauthorized mount","invocations":1,"location":null,"numPassingAsserts":2,"retryReasons":[],"startAt":1786377231790,"status":"passed","title":"does not loop on a single unauthorized mount"},{"ancestorTitles":["Admin route-level authorization (#1444)","/admin/diagnostics"],"duration":3,"failing":false,"failureDetails":[],"failureMessages":[],"fullName":"Admin route-level authorization (#1444) /admin/diagnostics redirects unauthenticated users to /login and hides the admin UI","invocations":1,"location":null,"numPassingAsserts":9,"retryReasons":[],"startAt":1786377231793,"status":"passed","title":"redirects unauthenticated users to /login and hides the admin UI"},{"ancestorTitles":["Admin route-level authorization (#1444)","/admin/diagnostics"],"duration":15,"failing":false,"failureDetails":[],"failureMessages":[],"fullName":"Admin route-level authorization (#1444) /admin/diagnostics redirects authenticated non-admin users to /dashboard and hides the admin UI","invocations":1,"location":null,"numPassingAsserts":9,"retryReasons":[],"startAt":1786377231797,"status":"passed","title":"redirects authenticated non-admin users to /dashboard and hides the admin UI"},{"ancestorTitles":["Admin route-level authorization (#1444)","/admin/diagnostics"],"duration":6,"failing":false,"failureDetails":[],"failureMessages":[],"fullName":"Admin route-level authorization (#1444) /admin/diagnostics renders the admin layout for authenticated admins without redirecting","invocations":1,"location":null,"numPassingAsserts":3,"retryReasons":[],"startAt":1786377231812,"status":"passed","title":"renders the admin layout for authenticated admins without redirecting"},{"ancestorTitles":["Admin route-level authorization (#1444)","/admin/diagnostics"],"duration":3,"failing":false,"failureDetails":[],"failureMessages":[],"fullName":"Admin route-level authorization (#1444) /admin/diagnostics renders nothing during the loading phase and fires no redirect","invocations":1,"location":null,"numPassingAsserts":9,"retryReasons":[],"startAt":1786377231818,"status":"passed","title":"renders nothing during the loading phase and fires no redirect"},{"ancestorTitles":["Admin route-level authorization (#1444)","/admin/diagnostics"],"duration":7,"failing":false,"failureDetails":[],"failureMessages":[],"fullName":"Admin route-level authorization (#1444) /admin/diagnostics does not loop on a single unauthorized mount","invocations":1,"location":null,"numPassingAsserts":2,"retryReasons":[],"startAt":1786377231821,"status":"passed","title":"does not loop on a single unauthorized mount"},{"ancestorTitles":["Admin route-level authorization (#1444)","/admin/feature-flags"],"duration":15,"failing":false,"failureDetails":[],"failureMessages":[],"fullName":"Admin route-level authorization (#1444) /admin/feature-flags redirects unauthenticated users to /login and hides the admin UI","invocations":1,"location":null,"numPassingAsserts":9,"retryReasons":[],"startAt":1786377231828,"status":"passed","title":"redirects unauthenticated users to /login and hides the admin UI"},{"ancestorTitles":["Admin route-level authorization (#1444)","/admin/feature-flags"],"duration":15,"failing":false,"failureDetails":[],"failureMessages":[],"fullName":"Admin route-level authorization (#1444) /admin/feature-flags redirects authenticated non-admin users to /dashboard and hides the admin UI","invocations":1,"location":null,"numPassingAsserts":9,"retryReasons":[],"startAt":1786377231844,"status":"passed","title":"redirects authenticated non-admin users to /dashboard and hides the admin UI"},{"ancestorTitles":["Admin route-level authorization (#1444)","/admin/feature-flags"],"duration":4,"failing":false,"failureDetails":[],"failureMessages":[],"fullName":"Admin route-level authorization (#1444) /admin/feature-flags renders the admin layout for authenticated admins without redirecting","invocations":1,"location":null,"numPassingAsserts":3,"retryReasons":[],"startAt":1786377231859,"status":"passed","title":"renders the admin layout for authenticated admins without redirecting"},{"ancestorTitles":["Admin route-level authorization (#1444)","/admin/feature-flags"],"duration":1,"failing":false,"failureDetails":[],"failureMessages":[],"fullName":"Admin route-level authorization (#1444) /admin/feature-flags renders nothing during the loading phase and fires no redirect","invocations":1,"location":null,"numPassingAsserts":9,"retryReasons":[],"startAt":1786377231863,"status":"passed","title":"renders nothing during the loading phase and fires no redirect"},{"ancestorTitles":["Admin route-level authorization (#1444)","/admin/feature-flags"],"duration":1,"failing":false,"failureDetails":[],"failureMessages":[],"fullName":"Admin route-level authorization (#1444) /admin/feature-flags does not loop on a single unauthorized mount","invocations":1,"location":null,"numPassingAsserts":2,"retryReasons":[],"startAt":1786377231864,"status":"passed","title":"does not loop on a single unauthorized mount"},{"ancestorTitles":["Admin route-level authorization (#1444)","/admin/templates"],"duration":6,"failing":false,"failureDetails":[],"failureMessages":[],"fullName":"Admin route-level authorization (#1444) /admin/templates redirects unauthenticated users to /login and hides the admin UI","invocations":1,"location":null,"numPassingAsserts":9,"retryReasons":[],"startAt":1786377231865,"status":"passed","title":"redirects unauthenticated users to /login and hides the admin UI"},{"ancestorTitles":["Admin route-level authorization (#1444)","/admin/templates"],"duration":18,"failing":false,"failureDetails":[],"failureMessages":[],"fullName":"Admin route-level authorization (#1444) /admin/templates redirects authenticated non-admin users to /dashboard and hides the admin UI","invocations":1,"location":null,"numPassingAsserts":9,"retryReasons":[],"startAt":1786377231871,"status":"passed","title":"redirects authenticated non-admin users to /dashboard and hides the admin UI"},{"ancestorTitles":["Admin route-level authorization (#1444)","/admin/templates"],"duration":5,"failing":false,"failureDetails":[],"failureMessages":[],"fullName":"Admin route-level authorization (#1444) /admin/templates renders the admin layout for authenticated admins without redirecting","invocations":1,"location":null,"numPassingAsserts":3,"retryReasons":[],"startAt":1786377231889,"status":"passed","title":"renders the admin layout for authenticated admins without redirecting"},{"ancestorTitles":["Admin route-level authorization (#1444)","/admin/templates"],"duration":1,"failing":false,"failureDetails":[],"failureMessages":[],"fullName":"Admin route-level authorization (#1444) /admin/templates renders nothing during the loading phase and fires no redirect","invocations":1,"location":null,"numPassingAsserts":9,"retryReasons":[],"startAt":1786377231894,"status":"passed","title":"renders nothing during the loading phase and fires no redirect"},{"ancestorTitles":["Admin route-level authorization (#1444)","/admin/templates"],"duration":13,"failing":false,"failureDetails":[],"failureMessages":[],"fullName":"Admin route-level authorization (#1444) /admin/templates does not loop on a single unauthorized mount","invocations":1,"location":null,"numPassingAsserts":2,"retryReasons":[],"startAt":1786377231895,"status":"passed","title":"does not loop on a single unauthorized mount"},{"ancestorTitles":["Admin route-level authorization (#1444)","loading state never leaks admin content or placeholders"],"duration":2,"failing":false,"failureDetails":[],"failureMessages":[],"fullName":"Admin route-level authorization (#1444) loading state never leaks admin content or placeholders never renders admin chrome or any child body during loading","invocations":1,"location":null,"numPassingAsserts":4,"retryReasons":[],"startAt":1786377231908,"status":"passed","title":"never renders admin chrome or any child body during loading"},{"ancestorTitles":["Admin route-level authorization (#1444)","dev bypass short-circuit (development only)"],"duration":4,"failing":false,"failureDetails":[{"name":"TestingLibraryElementError"}],"failureMessages":["TestingLibraryElementError: Unable to find an element with the text: Admin Dashboard. This could be because the text is broken up by multiple elements. In this case, you can provide a function for your text matcher to make your matcher more flexible.\n\nIgnored nodes: comments, script, style\n\u001b[36m<body>\u001b[39m\n  \u001b[36m<div />\u001b[39m\n\u001b[36m</body>\u001b[39m\n    at Object.getElementError (C:\\Users\\Godsmiracle\\Desktop\\Xconfess\\node_modules\\@testing-library\\dom\\dist\\config.js:37:19)\n    at C:\\Users\\Godsmiracle\\Desktop\\Xconfess\\node_modules\\@testing-library\\dom\\dist\\query-helpers.js:76:38\n    at C:\\Users\\Godsmiracle\\Desktop\\Xconfess\\node_modules\\@testing-library\\dom\\dist\\query-helpers.js:52:17\n    at C:\\Users\\Godsmiracle\\Desktop\\Xconfess\\node_modules\\@testing-library\\dom\\dist\\query-helpers.js:95:19\n    at Object.<anonymous> (C:\\Users\\Godsmiracle\\Desktop\\Xconfess\\xconfess-frontend\\tests\\auth\\admin-route-authorization.spec.tsx:302:21)\n    at Promise.finally.completed (C:\\Users\\Godsmiracle\\Desktop\\Xconfess\\node_modules\\jest-circus\\build\\jestAdapterInit.js:1557:28)\n    at new Promise (<anonymous>)\n    at callAsyncCircusFn (C:\\Users\\Godsmiracle\\Desktop\\Xconfess\\node_modules\\jest-circus\\build\\jestAdapterInit.js:1497:10)\n    at _callCircusTest (C:\\Users\\Godsmiracle\\Desktop\\Xconfess\\node_modules\\jest-circus\\build\\jestAdapterInit.js:1007:40)\n    at async _runTest (C:\\Users\\Godsmiracle\\Desktop\\Xconfess\\node_modules\\jest-circus\\build\\jestAdapterInit.js:947:3)\n    at async C:\\Users\\Godsmiracle\\Desktop\\Xconfess\\node_modules\\jest-circus\\build\\jestAdapterInit.js:849:7\n    at async _runTestsForDescribeBlock (C:\\Users\\Godsmiracle\\Desktop\\Xconfess\\node_modules\\jest-circus\\build\\jestAdapterInit.js:862:11)\n    at async _runTestsForDescribeBlock (C:\\Users\\Godsmiracle\\Desktop\\Xconfess\\node_modules\\jest-circus\\build\\jestAdapterInit.js:857:11)\n    at async _runTestsForDescribeBlock (C:\\Users\\Godsmiracle\\Desktop\\Xconfess\\node_modules\\jest-circus\\build\\jestAdapterInit.js:857:11)\n    at async run (C:\\Users\\Godsmiracle\\Desktop\\Xconfess\\node_modules\\jest-circus\\build\\jestAdapterInit.js:761:3)\n    at async runAndTransformResultsToJestFormat (C:\\Users\\Godsmiracle\\Desktop\\Xconfess\\node_modules\\jest-circus\\build\\jestAdapterInit.js:1918:21)\n    at async jestAdapter (C:\\Users\\Godsmiracle\\Desktop\\Xconfess\\node_modules\\jest-circus\\build\\runner.js:94:33)\n    at async runTestInternal (C:\\Users\\Godsmiracle\\Desktop\\Xconfess\\node_modules\\jest-runner\\build\\index.js:274:34)\n    at async runTest (C:\\Users\\Godsmiracle\\Desktop\\Xconfess\\node_modules\\jest-runner\\build\\index.js:334:50)"],"fullName":"Admin route-level authorization (#1444) dev bypass short-circuit (development only) renders admin UI for an unauthenticated user when dev bypass is enabled","invocations":1,"location":null,"numPassingAsserts":0,"retryReasons":[],"startAt":1786377231910,"status":"failed","title":"renders admin UI for an unauthenticated user when dev bypass is enabled"}],"endTime":1786377231944,"message":"  ● Admin route-level authorization (#1444) › dev bypass short-circuit (development only) › renders admin UI for an unauthenticated user when dev bypass is enabled\n\n    TestingLibraryElementError: Unable to find an element with the text: Admin Dashboard. This could be because the text is broken up by multiple elements. In this case, you can provide a function for your text matcher to make your matcher more flexible.\n\n    Ignored nodes: comments, script, style\n    \u001b[36m<body>\u001b[39m\n      \u001b[36m<div />\u001b[39m\n    \u001b[36m</body>\u001b[39m\n\n    \u001b[0m \u001b[90m 300 |\u001b[39m       renderAdminRoute(renderRoutePlaceholder()\u001b[33m,\u001b[39m \u001b[32m\"/admin/users\"\u001b[39m)\u001b[33m;\u001b[39m\n     \u001b[90m 301 |\u001b[39m\n    \u001b[31m\u001b[1m>\u001b[22m\u001b[39m\u001b[90m 302 |\u001b[39m       expect(screen\u001b[33m.\u001b[39mgetByText(\u001b[32m\"Admin Dashboard\"\u001b[39m))\u001b[33m.\u001b[39mtoBeInTheDocument()\u001b[33m;\u001b[39m\n     \u001b[90m     |\u001b[39m                     \u001b[31m\u001b[1m^\u001b[22m\u001b[39m\n     \u001b[90m 303 |\u001b[39m       expect(mockReplace)\u001b[33m.\u001b[39mnot\u001b[33m.\u001b[39mtoHaveBeenCalled()\u001b[33m;\u001b[39m\n     \u001b[90m 304 |\u001b[39m     })\u001b[33m;\u001b[39m\n     \u001b[90m 305 |\u001b[39m   })\u001b[33m;\u001b[39m\u001b[0m\n\n      at Object.getElementError (../node_modules/@testing-library/dom/dist/config.js:37:19)\n      at ../node_modules/@testing-library/dom/dist/query-helpers.js:76:38\n      at ../node_modules/@testing-library/dom/dist/query-helpers.js:52:17\n      at ../node_modules/@testing-library/dom/dist/query-helpers.js:95:19\n      at Object.<anonymous> (tests/auth/admin-route-authorization.spec.tsx:302:21)\n","name":"C:\\Users\\Godsmiracle\\Desktop\\Xconfess\\xconfess-frontend\\tests\\auth\\admin-route-authorization.spec.tsx","startTime":1786377227924,"status":"failed","summary":""},{"assertionResults":[{"ancestorTitles":["Mobile Navigation Regression Coverage","Sidebar Component at 375px Viewport"],"duration":69,"failing":false,"failureDetails":[],"failureMessages":[],"fullName":"Mobile Navigation Regression Coverage Sidebar Component at 375px Viewport renders mobile sidebar when open and maintains 375px width constraints","invocations":1,"location":null,"numPassingAsserts":3,"retryReasons":[],"startAt":1786377233110,"status":"passed","title":"renders mobile sidebar when open and maintains 375px width constraints"},{"ancestorTitles":["Mobile Navigation Regression Coverage","Sidebar Component at 375px Viewport"],"duration":18,"failing":false,"failureDetails":[{"matcherResult":{"pass":false,"message":"expect(element).toHaveClass(\"-translate-x-full\")\n\nExpected the element to have class:\n  -translate-x-full\nReceived:\n  fixed top-0 right-0 h-full w-72 max-w-[85vw] bg-background border-l border-zinc-200 dark:border-slate-800 shadow-2xl z-50 transform transition-transform duration-300 ease-in-out md:hidden translate-x-full"}}],"failureMessages":["Error: expect(element).toHaveClass(\"-translate-x-full\")\n\nExpected the element to have class:\n  -translate-x-full\nReceived:\n  fixed top-0 right-0 h-full w-72 max-w-[85vw] bg-background border-l border-zinc-200 dark:border-slate-800 shadow-2xl z-50 transform transition-transform duration-300 ease-in-out md:hidden translate-x-full\n    at Object.<anonymous> (C:\\Users\\Godsmiracle\\Desktop\\Xconfess\\xconfess-frontend\\tests\\mobile-navigation-regression.spec.tsx:96:23)\n    at Promise.finally.completed (C:\\Users\\Godsmiracle\\Desktop\\Xconfess\\node_modules\\jest-circus\\build\\jestAdapterInit.js:1557:28)\n    at new Promise (<anonymous>)\n    at callAsyncCircusFn (C:\\Users\\Godsmiracle\\Desktop\\Xconfess\\node_modules\\jest-circus\\build\\jestAdapterInit.js:1497:10)\n    at _callCircusTest (C:\\Users\\Godsmiracle\\Desktop\\Xconfess\\node_modules\\jest-circus\\build\\jestAdapterInit.js:1007:40)\n    at async _runTest (C:\\Users\\Godsmiracle\\Desktop\\Xconfess\\node_modules\\jest-circus\\build\\jestAdapterInit.js:947:3)\n    at async C:\\Users\\Godsmiracle\\Desktop\\Xconfess\\node_modules\\jest-circus\\build\\jestAdapterInit.js:849:7\n    at async _runTestsForDescribeBlock (C:\\Users\\Godsmiracle\\Desktop\\Xconfess\\node_modules\\jest-circus\\build\\jestAdapterInit.js:862:11)\n    at async _runTestsForDescribeBlock (C:\\Users\\Godsmiracle\\Desktop\\Xconfess\\node_modules\\jest-circus\\build\\jestAdapterInit.js:857:11)\n    at async _runTestsForDescribeBlock (C:\\Users\\Godsmiracle\\Desktop\\Xconfess\\node_modules\\jest-circus\\build\\jestAdapterInit.js:857:11)\n    at async run (C:\\Users\\Godsmiracle\\Desktop\\Xconfess\\node_modules\\jest-circus\\build\\jestAdapterInit.js:761:3)\n    at async runAndTransformResultsToJestFormat (C:\\Users\\Godsmiracle\\Desktop\\Xconfess\\node_modules\\jest-circus\\build\\jestAdapterInit.js:1918:21)\n    at async jestAdapter (C:\\Users\\Godsmiracle\\Desktop\\Xconfess\\node_modules\\jest-circus\\build\\runner.js:94:33)\n    at async runTestInternal (C:\\Users\\Godsmiracle\\Desktop\\Xconfess\\node_modules\\jest-runner\\build\\index.js:274:34)\n    at async runTest (C:\\Users\\Godsmiracle\\Desktop\\Xconfess\\node_modules\\jest-runner\\build\\index.js:334:50)"],"fullName":"Mobile Navigation Regression Coverage Sidebar Component at 375px Viewport does not render when closed","invocations":1,"location":null,"numPassingAsserts":0,"retryReasons":[],"startAt":1786377233179,"status":"failed","title":"does not render when closed"},{"ancestorTitles":["Mobile Navigation Regression Coverage","Sidebar Component at 375px Viewport"],"duration":88,"failing":false,"failureDetails":[],"failureMessages":[],"fullName":"Mobile Navigation Regression Coverage Sidebar Component at 375px Viewport closes when overlay is clicked","invocations":1,"location":null,"numPassingAsserts":2,"retryReasons":[],"startAt":1786377233204,"status":"passed","title":"closes when overlay is clicked"},{"ancestorTitles":["Mobile Navigation Regression Coverage","Sidebar Component at 375px Viewport"],"duration":110,"failing":false,"failureDetails":[],"failureMessages":[],"fullName":"Mobile Navigation Regression Coverage Sidebar Component at 375px Viewport closes when close button is clicked","invocations":1,"location":null,"numPassingAsserts":1,"retryReasons":[],"startAt":1786377233293,"status":"passed","title":"closes when close button is clicked"},{"ancestorTitles":["Mobile Navigation Regression Coverage","Sidebar Component at 375px Viewport"],"duration":55,"failing":false,"failureDetails":[],"failureMessages":[],"fullName":"Mobile Navigation Regression Coverage Sidebar Component at 375px Viewport contains all navigation links","invocations":1,"location":null,"numPassingAsserts":4,"retryReasons":[],"startAt":1786377233403,"status":"passed","title":"contains all navigation links"},{"ancestorTitles":["Mobile Navigation Regression Coverage","Sidebar Component at 375px Viewport"],"duration":66,"failing":false,"failureDetails":[],"failureMessages":[],"fullName":"Mobile Navigation Regression Coverage Sidebar Component at 375px Viewport calls onClose when navigation links are clicked","invocations":1,"location":null,"numPassingAsserts":1,"retryReasons":[],"startAt":1786377233458,"status":"passed","title":"calls onClose when navigation links are clicked"},{"ancestorTitles":["Mobile Navigation Regression Coverage","Sidebar Component at 375px Viewport"],"duration":21,"failing":false,"failureDetails":[],"failureMessages":[],"fullName":"Mobile Navigation Regression Coverage Sidebar Component at 375px Viewport shows user info and logout when authenticated","invocations":1,"location":null,"numPassingAsserts":3,"retryReasons":[],"startAt":1786377233524,"status":"passed","title":"shows user info and logout when authenticated"},{"ancestorTitles":["Mobile Navigation Regression Coverage","Sidebar Component at 375px Viewport"],"duration":75,"failing":false,"failureDetails":[],"failureMessages":[],"fullName":"Mobile Navigation Regression Coverage Sidebar Component at 375px Viewport logout button calls logout and onClose","invocations":1,"location":null,"numPassingAsserts":2,"retryReasons":[],"startAt":1786377233545,"status":"passed","title":"logout button calls logout and onClose"},{"ancestorTitles":["Mobile Navigation Regression Coverage","Sidebar Component at 375px Viewport"],"duration":159,"failing":false,"failureDetails":[],"failureMessages":[],"fullName":"Mobile Navigation Regression Coverage Sidebar Component at 375px Viewport has no accessibility violations","invocations":1,"location":null,"numPassingAsserts":1,"retryReasons":[],"startAt":1786377233620,"status":"passed","title":"has no accessibility violations"},{"ancestorTitles":["Mobile Navigation Regression Coverage","Header Mobile Menu"],"duration":52,"failing":false,"failureDetails":[],"failureMessages":[],"fullName":"Mobile Navigation Regression Coverage Header Mobile Menu shows mobile menu button on mobile","invocations":1,"location":null,"numPassingAsserts":2,"retryReasons":[],"startAt":1786377233780,"status":"passed","title":"shows mobile menu button on mobile"},{"ancestorTitles":["Mobile Navigation Regression Coverage","Header Mobile Menu"],"duration":112,"failing":false,"failureDetails":[],"failureMessages":[],"fullName":"Mobile Navigation Regression Coverage Header Mobile Menu opens sidebar when menu button is clicked","invocations":1,"location":null,"numPassingAsserts":2,"retryReasons":[],"startAt":1786377233832,"status":"passed","title":"opens sidebar when menu button is clicked"},{"ancestorTitles":["Mobile Navigation Regression Coverage","Header Mobile Menu"],"duration":169,"failing":false,"failureDetails":[{"matcherResult":{"pass":false,"message":"expect(element).toHaveClass(\"-translate-x-full\")\n\nExpected the element to have class:\n  -translate-x-full\nReceived:\n  fixed top-0 right-0 h-full w-72 max-w-[85vw] bg-background border-l border-zinc-200 dark:border-slate-800 shadow-2xl z-50 transform transition-transform duration-300 ease-in-out md:hidden translate-x-full"}}],"failureMessages":["Error: expect(element).toHaveClass(\"-translate-x-full\")\n\nExpected the element to have class:\n  -translate-x-full\nReceived:\n  fixed top-0 right-0 h-full w-72 max-w-[85vw] bg-background border-l border-zinc-200 dark:border-slate-800 shadow-2xl z-50 transform transition-transform duration-300 ease-in-out md:hidden translate-x-full\n    at Object.<anonymous> (C:\\Users\\Godsmiracle\\Desktop\\Xconfess\\xconfess-frontend\\tests\\mobile-navigation-regression.spec.tsx:228:23)"],"fullName":"Mobile Navigation Regression Coverage Header Mobile Menu closes sidebar when close is called","invocations":1,"location":null,"numPassingAsserts":1,"retryReasons":[],"startAt":1786377233944,"status":"failed","title":"closes sidebar when close is called"},{"ancestorTitles":["Mobile Navigation Regression Coverage","Header Mobile Menu"],"duration":153,"failing":false,"failureDetails":[],"failureMessages":[],"fullName":"Mobile Navigation Regression Coverage Header Mobile Menu returns focus to menu button when closed","invocations":1,"location":null,"numPassingAsserts":1,"retryReasons":[],"startAt":1786377234113,"status":"passed","title":"returns focus to menu button when closed"},{"ancestorTitles":["Mobile Navigation Regression Coverage","Dashboard & Admin Guard on Mobile"],"duration":36,"failing":false,"failureDetails":[],"failureMessages":[],"fullName":"Mobile Navigation Regression Coverage Dashboard & Admin Guard on Mobile renders header and main content correctly on 375px mobile view","invocations":1,"location":null,"numPassingAsserts":2,"retryReasons":[],"startAt":1786377234266,"status":"passed","title":"renders header and main content correctly on 375px mobile view"},{"ancestorTitles":["Mobile Navigation Regression Coverage","Dashboard & Admin Guard on Mobile"],"duration":3,"failing":false,"failureDetails":[],"failureMessages":[],"fullName":"Mobile Navigation Regression Coverage Dashboard & Admin Guard on Mobile enforces admin guard restrictions on mobile dashboard routes","invocations":1,"location":null,"numPassingAsserts":2,"retryReasons":[],"startAt":1786377234302,"status":"passed","title":"enforces admin guard restrictions on mobile dashboard routes"}],"endTime":1786377234311,"message":"  ● Mobile Navigation Regression Coverage › Sidebar Component at 375px Viewport › does not render when closed\n\n    expect(element).toHaveClass(\"-translate-x-full\")\n\n    Expected the element to have class:\n      -translate-x-full\n    Received:\n      fixed top-0 right-0 h-full w-72 max-w-[85vw] bg-background border-l border-zinc-200 dark:border-slate-800 shadow-2xl z-50 transform transition-transform duration-300 ease-in-out md:hidden translate-x-full\n\n    \u001b[0m \u001b[90m 94 |\u001b[39m\n     \u001b[90m 95 |\u001b[39m       \u001b[36mconst\u001b[39m sidebar \u001b[33m=\u001b[39m screen\u001b[33m.\u001b[39mgetByRole(\u001b[32m\"dialog\"\u001b[39m\u001b[33m,\u001b[39m { name\u001b[33m:\u001b[39m \u001b[32m\"Mobile Navigation\"\u001b[39m })\u001b[33m;\u001b[39m\n    \u001b[31m\u001b[1m>\u001b[22m\u001b[39m\u001b[90m 96 |\u001b[39m       expect(sidebar)\u001b[33m.\u001b[39mtoHaveClass(\u001b[32m\"-translate-x-full\"\u001b[39m)\u001b[33m;\u001b[39m\n     \u001b[90m    |\u001b[39m                       \u001b[31m\u001b[1m^\u001b[22m\u001b[39m\n     \u001b[90m 97 |\u001b[39m     })\u001b[33m;\u001b[39m\n     \u001b[90m 98 |\u001b[39m\n     \u001b[90m 99 |\u001b[39m     it(\u001b[32m\"closes when overlay is clicked\"\u001b[39m\u001b[33m,\u001b[39m \u001b[36masync\u001b[39m () \u001b[33m=>\u001b[39m {\u001b[0m\n\n      at Object.<anonymous> (tests/mobile-navigation-regression.spec.tsx:96:23)\n\n  ● Mobile Navigation Regression Coverage › Header Mobile Menu › closes sidebar when close is called\n\n    expect(element).toHaveClass(\"-translate-x-full\")\n\n    Expected the element to have class:\n      -translate-x-full\n    Received:\n      fixed top-0 right-0 h-full w-72 max-w-[85vw] bg-background border-l border-zinc-200 dark:border-slate-800 shadow-2xl z-50 transform transition-transform duration-300 ease-in-out md:hidden translate-x-full\n\n    \u001b[0m \u001b[90m 226 |\u001b[39m       })\u001b[33m;\u001b[39m\n     \u001b[90m 227 |\u001b[39m\n    \u001b[31m\u001b[1m>\u001b[22m\u001b[39m\u001b[90m 228 |\u001b[39m       expect(sidebar)\u001b[33m.\u001b[39mtoHaveClass(\u001b[32m\"-translate-x-full\"\u001b[39m)\u001b[33m;\u001b[39m\n     \u001b[90m     |\u001b[39m                       \u001b[31m\u001b[1m^\u001b[22m\u001b[39m\n     \u001b[90m 229 |\u001b[39m       expect(menuButton)\u001b[33m.\u001b[39mtoHaveAttribute(\u001b[32m\"aria-expanded\"\u001b[39m\u001b[33m,\u001b[39m \u001b[32m\"false\"\u001b[39m)\u001b[33m;\u001b[39m\n     \u001b[90m 230 |\u001b[39m     })\u001b[33m;\u001b[39m\n     \u001b[90m 231 |\u001b[39m\u001b[0m\n\n      at Object.<anonymous> (tests/mobile-navigation-regression.spec.tsx:228:23)\n","name":"C:\\Users\\Godsmiracle\\Desktop\\Xconfess\\xconfess-frontend\\tests\\mobile-navigation-regression.spec.tsx","startTime":1786377231961,"status":"failed","summary":""},{"assertionResults":[{"ancestorTitles":["DiagnosticsPage"],"duration":31,"failing":false,"failureDetails":[{"name":"TestingLibraryElementError"}],"failureMessages":["TestingLibraryElementError: Unable to find an element with the text: Stellar Diagnostics. This could be because the text is broken up by multiple elements. In this case, you can provide a function for your text matcher to make your matcher more flexible.\n\nIgnored nodes: comments, script, style\n\u001b[36m<body>\u001b[39m\n  \u001b[36m<div>\u001b[39m\n    \u001b[36m<div\u001b[39m\n      \u001b[33mclass\u001b[39m=\u001b[32m\"space-y-6 max-w-4xl mx-auto p-4\"\u001b[39m\n    \u001b[36m>\u001b[39m\n      \u001b[36m<div\u001b[39m\n        \u001b[33mclass\u001b[39m=\u001b[32m\"flex flex-col sm:flex-row sm:items-center sm:justify-between gap-4\"\u001b[39m\n      \u001b[36m>\u001b[39m\n        \u001b[36m<div>\u001b[39m\n          \u001b[36m<h2\u001b[39m\n            \u001b[33mclass\u001b[39m=\u001b[32m\"text-2xl font-bold text-gray-900 dark:text-white\"\u001b[39m\n          \u001b[36m>\u001b[39m\n            \u001b[0mSystem Diagnostics\u001b[0m\n          \u001b[36m</h2>\u001b[39m\n          \u001b[36m<p\u001b[39m\n            \u001b[33mclass\u001b[39m=\u001b[32m\"mt-1 text-sm text-gray-500 dark:text-gray-400\"\u001b[39m\n          \u001b[36m>\u001b[39m\n            \u001b[0mService health, queue metrics, and operational overview.\u001b[0m\n          \u001b[36m</p>\u001b[39m\n        \u001b[36m</div>\u001b[39m\n        \u001b[36m<div\u001b[39m\n          \u001b[33mclass\u001b[39m=\u001b[32m\"flex items-center gap-3\"\u001b[39m\n        \u001b[36m>\u001b[39m\n          \u001b[36m<label\u001b[39m\n            \u001b[33mclass\u001b[39m=\u001b[32m\"flex items-center gap-2 text-sm text-gray-600 dark:text-gray-400\"\u001b[39m\n          \u001b[36m>\u001b[39m\n            \u001b[36m<input\u001b[39m\n              \u001b[33mclass\u001b[39m=\u001b[32m\"rounded border-gray-300 dark:border-gray-700\"\u001b[39m\n              \u001b[33mtype\u001b[39m=\u001b[32m\"checkbox\"\u001b[39m\n            \u001b[36m/>\u001b[39m\n            \u001b[0mAuto-refresh\u001b[0m\n          \u001b[36m</label>\u001b[39m\n          \u001b[36m<button\u001b[39m\n            \u001b[33mclass\u001b[39m=\u001b[32m\"inline-flex items-center gap-1.5 rounded-lg border border-gray-200 dark:border-gray-700 bg-white dark:bg-gray-800 px-3 py-1.5 text-sm font-medium text-gray-700 dark:text-gray-200 hover:bg-gray-50 dark:hover:bg-gray-700 transition-colors\"\u001b[39m\n          \u001b[36m>\u001b[39m\n            \u001b[0mRefresh\u001b[0m\n          \u001b[36m</button>\u001b[39m\n        \u001b[36m</div>\u001b[39m\n      \u001b[36m</div>\u001b[39m\n      \u001b[36m<div>\u001b[39m\n        \u001b[36m<h3\u001b[39m\n          \u001b[33mclass\u001b[39m=\u001b[32m\"text-lg font-semibold text-gray-900 dark:text-white mb-3\"\u001b[39m\n        \u001b[36m>\u001b[39m\n          \u001b[0mService Status\u001b[0m\n        \u001b[36m</h3>\u001b[39m\n        \u001b[36m<div\u001b[39m\n          \u001b[33mclass\u001b[39m=\u001b[32m\"animate-pulse space-y-3\"\u001b[39m\n        \u001b[36m>\u001b[39m\n          \u001b[36m<div\u001b[39m\n            \u001b[33mclass\u001b[39m=\u001b[32m\"h-48 bg-gray-100 dark:bg-gray-800 rounded-xl\"\u001b[39m\n          \u001b[36m/>\u001b[39m\n          \u001b[36m<div\u001b[39m\n            \u001b[33mclass\u001b[39m=\u001b[32m\"h-48 bg-gray-100 dark:bg-gray-800 rounded-xl\"\u001b[39m\n          \u001b[36m/>\u001b[39m\n        \u001b[36m</div>\u001b[39m\n      \u001b[36m</div>\u001b[39m\n      \u001b[36m<div\u001b[39m\n        \u001b[33mclass\u001b[39m=\u001b[32m\"animate-pulse space-y-3\"\u001b[39m\n      \u001b[36m>\u001b[39m\n        \u001b[36m<div\u001b[39m\n          \u001b[33mclass\u001b[39m=\u001b[32m\"h-48 bg-gray-100 dark:bg-gray-800 rounded-xl\"\u001b[39m\n        \u001b[36m/>\u001b[39m\n        \u001b[36m<div\u001b[39m\n          \u001b[33mclass\u001b[39m=\u001b[32m\"h-48 bg-gray-100 dark:bg-gray-800 rounded-xl\"\u001b[39m\n        \u001b[36m/>\u001b[39m\n      \u001b[36m</div>\u001b[39m\n      \u001b[36m<div\u001b[39m\n        \u001b[33mclass\u001b[39m=\u001b[32m\"animate-pulse space-y-3\"\u001b[39m\n      \u001b[36m>\u001b[39m\n        \u001b[36m<div\u001b[39m\n          \u001b[33mclass\u001b[39m=\u001b[32m\"h-48 bg-gray-100 dark:bg-gray-800 rounded-xl\"\u001b[39m\n        \u001b[36m/>\u001b[39m\n        \u001b[36m<div\u001b[39m\n          \u001b[33mclass\u001b[39m=\u001b[32m\"h-48 bg-gray-100 dark:bg-gray-800 rounded-xl\"\u001b[39m\n        \u001b[36m/>\u001b[39m\n      \u001b[36m</div>\u001b[39m\n      \u001b[36m<div\u001b[39m\n        \u001b[33mclass\u001b[39m=\u001b[32m\"text-[11px] font-medium tracking-wide text-gray-400 dark:text-slate-500 text-center bg-gray-50 dark:bg-gray-950/60 py-3 rounded-lg border border-gray-100 dark:border-gray-800/60\"\u001b[39m\n      \u001b[36m>\u001b[39m\n        \u001b[0mSigner keys, seed phrases, and operational secrets are never exposed in this panel.\u001b[0m\n      \u001b[36m</div>\u001b[39m\n    \u001b[36m</div>\u001b[39m\n  \u001b[36m</div>\u001b[39m\n\u001b[36m</body>\u001b[39m\n    at Object.getElementError (C:\\Users\\Godsmiracle\\Desktop\\Xconfess\\node_modules\\@testing-library\\dom\\dist\\config.js:37:19)\n    at C:\\Users\\Godsmiracle\\Desktop\\Xconfess\\node_modules\\@testing-library\\dom\\dist\\query-helpers.js:76:38\n    at C:\\Users\\Godsmiracle\\Desktop\\Xconfess\\node_modules\\@testing-library\\dom\\dist\\query-helpers.js:52:17\n    at C:\\Users\\Godsmiracle\\Desktop\\Xconfess\\node_modules\\@testing-library\\dom\\dist\\query-helpers.js:95:19\n    at Object.<anonymous> (C:\\Users\\Godsmiracle\\Desktop\\Xconfess\\xconfess-frontend\\app\\(dashboard)\\admin\\diagnostics\\__tests__\\page.test.tsx:81:19)\n    at Promise.finally.completed (C:\\Users\\Godsmiracle\\Desktop\\Xconfess\\node_modules\\jest-circus\\build\\jestAdapterInit.js:1557:28)\n    at new Promise (<anonymous>)\n    at callAsyncCircusFn (C:\\Users\\Godsmiracle\\Desktop\\Xconfess\\node_modules\\jest-circus\\build\\jestAdapterInit.js:1497:10)\n    at _callCircusTest (C:\\Users\\Godsmiracle\\Desktop\\Xconfess\\node_modules\\jest-circus\\build\\jestAdapterInit.js:1007:40)\n    at async _runTest (C:\\Users\\Godsmiracle\\Desktop\\Xconfess\\node_modules\\jest-circus\\build\\jestAdapterInit.js:947:3)\n    at async C:\\Users\\Godsmiracle\\Desktop\\Xconfess\\node_modules\\jest-circus\\build\\jestAdapterInit.js:849:7\n    at async _runTestsForDescribeBlock (C:\\Users\\Godsmiracle\\Desktop\\Xconfess\\node_modules\\jest-circus\\build\\jestAdapterInit.js:862:11)\n    at async _runTestsForDescribeBlock (C:\\Users\\Godsmiracle\\Desktop\\Xconfess\\node_modules\\jest-circus\\build\\jestAdapterInit.js:857:11)\n    at async run (C:\\Users\\Godsmiracle\\Desktop\\Xconfess\\node_modules\\jest-circus\\build\\jestAdapterInit.js:761:3)\n    at async runAndTransformResultsToJestFormat (C:\\Users\\Godsmiracle\\Desktop\\Xconfess\\node_modules\\jest-circus\\build\\jestAdapterInit.js:1918:21)\n    at async jestAdapter (C:\\Users\\Godsmiracle\\Desktop\\Xconfess\\node_modules\\jest-circus\\build\\runner.js:94:33)\n    at async runTestInternal (C:\\Users\\Godsmiracle\\Desktop\\Xconfess\\node_modules\\jest-runner\\build\\index.js:274:34)\n    at async runTest (C:\\Users\\Godsmiracle\\Desktop\\Xconfess\\node_modules\\jest-runner\\build\\index.js:334:50)"],"fullName":"DiagnosticsPage renders the page heading","invocations":1,"location":null,"numPassingAsserts":0,"retryReasons":[],"startAt":1786377234657,"status":"failed","title":"renders the page heading"},{"ancestorTitles":["DiagnosticsPage"],"duration":86,"failing":false,"failureDetails":[],"failureMessages":[],"fullName":"DiagnosticsPage shows network, contract IDs, and Horizon status on success","invocations":1,"location":null,"numPassingAsserts":4,"retryReasons":[],"startAt":1786377234694,"status":"passed","title":"shows network, contract IDs, and Horizon status on success"},{"ancestorTitles":["DiagnosticsPage"],"duration":45,"failing":false,"failureDetails":[],"failureMessages":[],"fullName":"DiagnosticsPage shows degraded warning when Horizon status is degraded","invocations":1,"location":null,"numPassingAsserts":2,"retryReasons":[],"startAt":1786377234780,"status":"passed","title":"shows degraded warning when Horizon status is degraded"},{"ancestorTitles":["DiagnosticsPage"],"duration":45,"failing":false,"failureDetails":[],"failureMessages":[],"fullName":"DiagnosticsPage shows unreachable warning when Horizon is unreachable","invocations":1,"location":null,"numPassingAsserts":2,"retryReasons":[],"startAt":1786377234825,"status":"passed","title":"shows unreachable warning when Horizon is unreachable"},{"ancestorTitles":["DiagnosticsPage"],"duration":1017,"failing":false,"failureDetails":[{"name":"TestingLibraryElementError"}],"failureMessages":["Error: Unable to find an element with the text: Failed to load Stellar diagnostics.. This could be because the text is broken up by multiple elements. In this case, you can provide a function for your text matcher to make your matcher more flexible.\n\nIgnored nodes: comments, script, style\n\u001b[36m<body>\u001b[39m\n  \u001b[36m<div>\u001b[39m\n    \u001b[36m<div\u001b[39m\n      \u001b[33mclass\u001b[39m=\u001b[32m\"space-y-6 max-w-4xl mx-auto p-4\"\u001b[39m\n    \u001b[36m>\u001b[39m\n      \u001b[36m<div\u001b[39m\n        \u001b[33mclass\u001b[39m=\u001b[32m\"flex flex-col sm:flex-row sm:items-center sm:justify-between gap-4\"\u001b[39m\n      \u001b[36m>\u001b[39m\n        \u001b[36m<div>\u001b[39m\n          \u001b[36m<h2\u001b[39m\n            \u001b[33mclass\u001b[39m=\u001b[32m\"text-2xl font-bold text-gray-900 dark:text-white\"\u001b[39m\n          \u001b[36m>\u001b[39m\n            \u001b[0mSystem Diagnostics\u001b[0m\n          \u001b[36m</h2>\u001b[39m\n          \u001b[36m<p\u001b[39m\n            \u001b[33mclass\u001b[39m=\u001b[32m\"mt-1 text-sm text-gray-500 dark:text-gray-400\"\u001b[39m\n          \u001b[36m>\u001b[39m\n            \u001b[0mService health, queue metrics, and operational overview.\u001b[0m\n          \u001b[36m</p>\u001b[39m\n        \u001b[36m</div>\u001b[39m\n        \u001b[36m<div\u001b[39m\n          \u001b[33mclass\u001b[39m=\u001b[32m\"flex items-center gap-3\"\u001b[39m\n        \u001b[36m>\u001b[39m\n          \u001b[36m<label\u001b[39m\n            \u001b[33mclass\u001b[39m=\u001b[32m\"flex items-center gap-2 text-sm text-gray-600 dark:text-gray-400\"\u001b[39m\n          \u001b[36m>\u001b[39m\n            \u001b[36m<input\u001b[39m\n              \u001b[33mclass\u001b[39m=\u001b[32m\"rounded border-gray-300 dark:border-gray-700\"\u001b[39m\n              \u001b[33mtype\u001b[39m=\u001b[32m\"checkbox\"\u001b[39m\n            \u001b[36m/>\u001b[39m\n            \u001b[0mAuto-refresh\u001b[0m\n          \u001b[36m</label>\u001b[39m\n          \u001b[36m<button\u001b[39m\n            \u001b[33mclass\u001b[39m=\u001b[32m\"inline-flex items-center gap-1.5 rounded-lg border border-gray-200 dark:border-gray-700 bg-white dark:bg-gray-800 px-3 py-1.5 text-sm font-medium text-gray-700 dark:text-gray-200 hover:bg-gray-50 dark:hover:bg-gray-700 transition-colors\"\u001b[39m\n          \u001b[36m>\u001b[39m\n            \u001b[0mRefresh\u001b[0m\n          \u001b[36m</button>\u001b[39m\n        \u001b[36m</div>\u001b[39m\n      \u001b[36m</div>\u001b[39m\n      \u001b[36m<div>\u001b[39m\n        \u001b[36m<h3\u001b[39m\n          \u001b[33mclass\u001b[39m=\u001b[32m\"text-lg font-semibold text-gray-900 dark:text-white mb-3\"\u001b[39m\n        \u001b[36m>\u001b[39m\n          \u001b[0mService Status\u001b[0m\n        \u001b[36m</h3>\u001b[39m\n        \u001b[36m<div\u001b[39m\n          \u001b[33mclass\u001b[39m=\u001b[32m\"animate-pulse space-y-3\"\u001b[39m\n        \u001b[36m>\u001b[39m\n          \u001b[36m<div\u001b[39m\n            \u001b[33mclass\u001b[39m=\u001b[32m\"h-48 bg-gray-100 dark:bg-gray-800 rounded-xl\"\u001b[39m\n          \u001b[36m/>\u001b[39m\n          \u001b[36m<div\u001b[39m\n            \u001b[33mclass\u001b[39m=\u001b[32m\"h-48 bg-gray-100 dark:bg-gray-800 rounded-xl\"\u001b[39m\n          \u001b[36m/>\u001b[39m\n        \u001b[36m</div>\u001b[39m\n      \u001b[36m</div>\u001b[39m\n      \u001b[36m<div\u001b[39m\n        \u001b[33mclass\u001b[39m=\u001b[32m\"rounded-xl border border-gray-200 dark:border-gray-800 bg-white dark:bg-gray-900 p-6 shadow-sm\"\u001b[39m\n      \u001b[36m>\u001b[39m\n        \u001b[36m<h3\u001b[39m\n          \u001b[33mclass\u001b[39m=\u001b[32m\"text-lg font-semibold text-gray-900 dark:text-white mb-4\"\u001b[39m\n        \u001b[36m>\u001b[39m\n          \u001b[0mBullMQ Queue Metrics\u001b[0m\n        \u001b[36m</h3>\u001b[39m\n        \u001b[36m<dl\u001b[39m\n          \u001b[33mclass\u001b[39m=\u001b[32m\"grid grid-cols-2 gap-4 sm:grid-cols-3\"\u001b[39m\n        \u001b[36m>\u001b[39m\n          \u001b[36m<div\u001b[39m\n            \u001b[33mclass\u001b[39m=\u001b[32m\"rounded-xl border border-gray-100 dark:border-gray-800 bg-gray-50 dark:bg-gray-950 p-4\"\u001b[39m\n          \u001b[36m>\u001b[39m\n            \u001b[36m<dt\u001b[39m\n              \u001b[33mclass\u001b[39m=\u001b[32m\"text-sm text-gray-500 dark:text-gray-400\"\u001b[39m\n            \u001b[36m>\u001b[39m\n              \u001b[0mActive\u001b[0m\n            \u001b[36m</dt>\u001b[39m\n            \u001b[36m<dd\u001b[39m\n              \u001b[33mclass\u001b[39m=\u001b[32m\"mt-2 text-2xl font-semibold text-gray-900 dark:text-white\"\u001b[39m\n            \u001b[36m>\u001b[39m\n              \u001b[0m2\u001b[0m\n            \u001b[36m</dd>\u001b[39m\n          \u001b[36m</div>\u001b[39m\n          \u001b[36m<div\u001b[39m\n            \u001b[33mclass\u001b[39m=\u001b[32m\"rounded-xl border border-gray-100 dark:border-gray-800 bg-gray-50 dark:bg-gray-950 p-4\"\u001b[39m\n          \u001b[36m>\u001b[39m\n            \u001b[36m<dt\u001b[39m\n              \u001b[33mclass\u001b[39m=\u001b[32m\"text-sm text-gray-500 dark:text-gray-400\"\u001b[39m\n            \u001b[36m>\u001b[39m\n              \u001b[0mWaiting\u001b[0m\n            \u001b[36m</dt>\u001b[39m\n            \u001b[36m<dd\u001b[39m\n              \u001b[33mclass\u001b[39m=\u001b[32m\"mt-2 text-2xl font-semibold text-gray-900 dark:text-white\"\u001b[39m\n            \u001b[36m>\u001b[39m\n              \u001b[0m1\u001b[0m\n            \u001b[36m</dd>\u001b[39m\n          \u001b[36m</div>\u001b[39m\n          \u001b[36m<div\u001b[39m\n            \u001b[33mclass\u001b[39m=\u001b[32m\"rounded-xl border border-gray-100 dark:border-gray-800 bg-gray-50 dark:bg-gray-950 p-4\"\u001b[39m\n          \u001b[36m>\u001b[39m\n            \u001b[36m<dt\u001b[39m\n              \u001b[33mclass\u001b[39m=\u001b[32m\"text-sm text-gray-500 dark:text-gray-400\"\u001b[39m\n            \u001b[36m>\u001b[39m\n              \u001b[0mFailed\u001b[0m\n            \u001b[36m</dt>\u001b[39m\n            \u001b[36m<dd\u001b[39m\n              \u001b[33mclass\u001b[39m=\u001b[32m\"mt-2 text-2xl font-semibold text-gray-900 dark:text-white\"\u001b[39m\n            \u001b[36m>\u001b[39m\n              \u001b[0m0\u001b[0m\n            \u001b[36m</dd>\u001b[39m\n          \u001b[36m</div>\u001b[39m\n          \u001b[36m<div\u001b[39m\n            \u001b[33mclass\u001b[39m=\u001b[32m\"rounded-xl border border-gray-100 dark:border-gray-800 bg-gray-50 dark:bg-gray-950 p-4\"\u001b[39m\n          \u001b[36m>\u001b[39m\n            \u001b[36m<dt\u001b[39m\n              \u001b[33mclass\u001b[39m=\u001b[32m\"text-sm text-gray-500 dark:text-gray-400\"\u001b[39m\n            \u001b[36m>\u001b[39m\n              \u001b[0mDLQ Failed\u001b[0m\n            \u001b[36m</dt>\u001b[39m\n            \u001b[36m<dd\u001b[39m\n              \u001b[33mclass\u001b[39m=\u001b[32m\"mt-2 text-2xl font-semibold text-gray-900 dark:text-white\"\u001b[39m\n            \u001b[36m>\u001b[39m\n              \u001b[0m0\u001b[0m\n            \u001b[36m</dd>\u001b[39m\n          \u001b[36m</div>\u001b[39m\n          \u001b[36m<div\u001b[39m\n            \u001b[33mclass\u001b[39m=\u001b[32m\"rounded-xl border border-gray-100 dark:border-gray-800 bg-gray-50 dark:bg-gray-950 p-4\"\u001b[39m\n          \u001b[36m>\u001b[39m\n            \u001b[36m<dt\u001b[39m\n              \u001b[33mclass\u001b[39m=\u001b[32m\"text-sm text-gray-500 dark:text-gray-400\"\u001b[39m\n            \u001b[36m>\u001b[39m\n              \u001b[0mDLQ Waiting\u001b[0m\n            \u001b[36m</dt>\u001b[39m\n            \u001b[36m<dd\u001b[39m\n              \u001b[33mclass\u001b[39m=\u001b[32m\"mt-2 text-2xl font-semibold text-gray-900 dark:text-white\"\u001b[39m\n            \u001b[36m>\u001b[39m\n              \u001b[0m0\u001b[0m\n            \u001b[36m</dd>\u001b[39m\n          \u001b[36m</div>\u001b[39m\n          \u001b[36m<div\u001b[39m\n            \u001b[33mclass\u001b[39m=\u001b[32m\"rounded-xl border border-gray-100 dark:border-gray-800 bg-gray-50 dark:bg-gray-950 p-4\"\u001b[39m\n          \u001b[36m>\u001b[39m\n            \u001b[36m<dt\u001b[39m\n              \u001b[33mclass\u001b[39m=\u001b[32m\"text-sm text-gray-500 dark:text-gray-400\"\u001b[39m\n            \u001b[36m>\u001b[39m\n              \u001b[0mDLQ Delayed\u001b[0m\n            \u001b[36m</dt>\u001b[39m\n            \u001b[36m<dd\u001b[39m\n              \u001b[33mclass\u001b[39m=\u001b[32m\"mt-2 text-2xl font-semibold text-gray-900 dark:text-white\"\u001b[39m\n            \u001b[36m>\u001b[39m\n              \u001b[0m0\u001b[0m\n            \u001b[36m</dd>\u001b[39m\n          \u001b[36m</div>\u001b[39m\n        \u001b[36m</dl>\u001b[39m\n      \u001b[36m</div>\u001b[39m\n      \u001b[36m<div\u001b[39m\n        \u001b[33mclass\u001b[39m=\u001b[32m\"rounded-xl border border-gray-200 dark:border-gray-800 bg-white dark:bg-gray-900 p-6 shadow-sm\"\u001b[39m\n      \u001b[36m>\u001b[39m\n        \u001b[36m<h3\u001b[39m\n          \u001b[33mclass\u001b[39m=\u001b[32m\"text-lg font-semibold text-gray-900 dark:text-white mb-4\"\u001b[39m\n        \u001b[36m>\u001b[39m\n          \u001b[0mAudit Activity\u001b[0m\n        \u001b[36m</h3>\u001b[39m\n        \u001b[36m<dl\u001b[39m\n          \u001b[33mclass\u001b[39m=\u001b[32m\"grid grid-cols-1 gap-4 sm:grid-cols-3\"\u001b[39m\n        \u001b[36m>\u001b[39m\n          \u001b[36m<div\u001b[39m\n            \u001b[33mclass\u001b[39m=\u001b[32m\"rounded-xl border border-gray-100 dark:border-gray-800 bg-gray-50 dark:bg-gray-950 p-4\"\u001b[39m\n          \u001b[36m>\u001b[39m\n            \u001b[36m<dt\u001b[39m\n              \u001b[33mclass\u001b[39m=\u001b[32m\"text-sm text-gray-500 dark:text-gray-400\"\u001b[39m\n            \u001b[36m>\u001b[39m\n              \u001b[0mTotal logs\u001b[0m\n            \u001b[36m</dt>\u001b[39m\n            \u001b[36m<dd\u001b[39m\n              \u001b[33mclass\u001b[39m=\u001b[32m\"mt-2 text-2xl font-semibold text-gray-900 dark:text-white\"\u001b[39m\n            \u001b[36m>\u001b[39m\n              \u001b[0m42\u001b[0m\n            \u001b[36m</dd>\u001b[39m\n          \u001b[36m</div>\u001b[39m\n          \u001b[36m<div\u001b[39m\n            \u001b[33mclass\u001b[39m=\u001b[32m\"rounded-xl border border-gray-100 dark:border-gray-800 bg-gray-50 dark:bg-gray-950 p-4\"\u001b[39m\n          \u001b[36m>\u001b[39m\n            \u001b[36m<dt\u001b[39m\n              \u001b[33mclass\u001b[39m=\u001b[32m\"text-sm text-gray-500 dark:text-gray-400\"\u001b[39m\n            \u001b[36m>\u001b[39m\n              \u001b[0mREPORT_RESOLVED\u001b[0m\n            \u001b[36m</dt>\u001b[39m\n            \u001b[36m<dd\u001b[39m\n              \u001b[33mclass\u001b[39m=\u001b[32m\"mt-2 text-xl font-semibold text-gray-900 dark:text-white\"\u001b[39m\n            \u001b[36m>\u001b[39m\n              \u001b[0m18\u001b[0m\n            \u001b[36m</dd>\u001b[39m\n          \u001b[36m</div>\u001b[39m\n        \u001b[36m</dl>\u001b[39m\n      \u001b[36m</div>\u001b[39m\n      \u001b[36m<div\u001b[39m\n        \u001b[33mclass\u001b[39m=\u001b[32m\"animate-pulse space-y-3\"\u001b[39m\n      \u001b[36m>\u001b[39m\n        \u001b[36m<div\u001b[39m\n          \u001b[33mclass\u001b[39m=\u001b[32m\"h-48 bg-gray-100 dark:bg-gray-800 rounded-xl\"\u001b[39m\n        \u001b[36m/>\u001b[39m\n        \u001b[36m<div\u001b[39m\n          \u001b[33mclass\u001b[39m=\u001b[32m\"h-48 bg-gray-100 dark:bg-gray-800 rounded-xl\"\u001b[39m\n        \u001b[36m/>\u001b[39m\n      \u001b[36m</div>\u001b[39m\n      \u001b[36m<div\u001b[39m\n        \u001b[33mclass\u001b[39m=\u001b[32m\"text-[11px] font-medium tracking-wide text-gray-400 dark:text-slate-500 text-center bg-gray-50 dark:bg-gray-950/60 py-3 rounded-lg border border-gray-100 dark:border-gray-800/60\"\u001b[39m\n      \u001b[36m>\u001b[39m\n        \u001b[0mSigner keys, seed phrases, and operational secrets are never exposed in this panel.\u001b[0m\n      \u001b[36m</div>\u001b[39m\n    \u001b[36m</div>\u001b[39m\n  \u001b[36m</div>\u001b[39m\n\u001b[36m</body>\u001b[39m\n    at waitForWrapper (C:\\Users\\Godsmiracle\\Desktop\\Xconfess\\node_modules\\@testing-library\\dom\\dist\\wait-for.js:163:27)\n    at Object.<anonymous> (C:\\Users\\Godsmiracle\\Desktop\\Xconfess\\xconfess-frontend\\app\\(dashboard)\\admin\\diagnostics\\__tests__\\page.test.tsx:148:18)\n    at Promise.finally.completed (C:\\Users\\Godsmiracle\\Desktop\\Xconfess\\node_modules\\jest-circus\\build\\jestAdapterInit.js:1557:28)\n    at new Promise (<anonymous>)\n    at callAsyncCircusFn (C:\\Users\\Godsmiracle\\Desktop\\Xconfess\\node_modules\\jest-circus\\build\\jestAdapterInit.js:1497:10)\n    at _callCircusTest (C:\\Users\\Godsmiracle\\Desktop\\Xconfess\\node_modules\\jest-circus\\build\\jestAdapterInit.js:1007:40)\n    at async _runTest (C:\\Users\\Godsmiracle\\Desktop\\Xconfess\\node_modules\\jest-circus\\build\\jestAdapterInit.js:947:3)\n    at async C:\\Users\\Godsmiracle\\Desktop\\Xconfess\\node_modules\\jest-circus\\build\\jestAdapterInit.js:849:7\n    at async _runTestsForDescribeBlock (C:\\Users\\Godsmiracle\\Desktop\\Xconfess\\node_modules\\jest-circus\\build\\jestAdapterInit.js:862:11)\n    at async _runTestsForDescribeBlock (C:\\Users\\Godsmiracle\\Desktop\\Xconfess\\node_modules\\jest-circus\\build\\jestAdapterInit.js:857:11)\n    at async run (C:\\Users\\Godsmiracle\\Desktop\\Xconfess\\node_modules\\jest-circus\\build\\jestAdapterInit.js:761:3)\n    at async runAndTransformResultsToJestFormat (C:\\Users\\Godsmiracle\\Desktop\\Xconfess\\node_modules\\jest-circus\\build\\jestAdapterInit.js:1918:21)\n    at async jestAdapter (C:\\Users\\Godsmiracle\\Desktop\\Xconfess\\node_modules\\jest-circus\\build\\runner.js:94:33)\n    at async runTestInternal (C:\\Users\\Godsmiracle\\Desktop\\Xconfess\\node_modules\\jest-runner\\build\\index.js:274:34)\n    at async runTest (C:\\Users\\Godsmiracle\\Desktop\\Xconfess\\node_modules\\jest-runner\\build\\index.js:334:50)"],"fullName":"DiagnosticsPage shows error banner when diagnostics fetch fails","invocations":1,"location":null,"numPassingAsserts":0,"retryReasons":[],"startAt":1786377234870,"status":"failed","title":"shows error banner when diagnostics fetch fails"},{"ancestorTitles":["DiagnosticsPage"],"duration":1019,"failing":false,"failureDetails":[{"name":"TestingLibraryElementError"}],"failureMessages":["Error: Unable to find an element with the text: Failed to load admin observability metrics. Ensure the backend is running and accessible.. This could be because the text is broken up by multiple elements. In this case, you can provide a function for your text matcher to make your matcher more flexible.\n\nIgnored nodes: comments, script, style\n\u001b[36m<body>\u001b[39m\n  \u001b[36m<div>\u001b[39m\n    \u001b[36m<div\u001b[39m\n      \u001b[33mclass\u001b[39m=\u001b[32m\"space-y-6 max-w-4xl mx-auto p-4\"\u001b[39m\n    \u001b[36m>\u001b[39m\n      \u001b[36m<div\u001b[39m\n        \u001b[33mclass\u001b[39m=\u001b[32m\"flex flex-col sm:flex-row sm:items-center sm:justify-between gap-4\"\u001b[39m\n      \u001b[36m>\u001b[39m\n        \u001b[36m<div>\u001b[39m\n          \u001b[36m<h2\u001b[39m\n            \u001b[33mclass\u001b[39m=\u001b[32m\"text-2xl font-bold text-gray-900 dark:text-white\"\u001b[39m\n          \u001b[36m>\u001b[39m\n            \u001b[0mSystem Diagnostics\u001b[0m\n          \u001b[36m</h2>\u001b[39m\n          \u001b[36m<p\u001b[39m\n            \u001b[33mclass\u001b[39m=\u001b[32m\"mt-1 text-sm text-gray-500 dark:text-gray-400\"\u001b[39m\n          \u001b[36m>\u001b[39m\n            \u001b[0mService health, queue metrics, and operational overview.\u001b[0m\n          \u001b[36m</p>\u001b[39m\n        \u001b[36m</div>\u001b[39m\n        \u001b[36m<div\u001b[39m\n          \u001b[33mclass\u001b[39m=\u001b[32m\"flex items-center gap-3\"\u001b[39m\n        \u001b[36m>\u001b[39m\n          \u001b[36m<label\u001b[39m\n            \u001b[33mclass\u001b[39m=\u001b[32m\"flex items-center gap-2 text-sm text-gray-600 dark:text-gray-400\"\u001b[39m\n          \u001b[36m>\u001b[39m\n            \u001b[36m<input\u001b[39m\n              \u001b[33mclass\u001b[39m=\u001b[32m\"rounded border-gray-300 dark:border-gray-700\"\u001b[39m\n              \u001b[33mtype\u001b[39m=\u001b[32m\"checkbox\"\u001b[39m\n            \u001b[36m/>\u001b[39m\n            \u001b[0mAuto-refresh\u001b[0m\n          \u001b[36m</label>\u001b[39m\n          \u001b[36m<button\u001b[39m\n            \u001b[33mclass\u001b[39m=\u001b[32m\"inline-flex items-center gap-1.5 rounded-lg border border-gray-200 dark:border-gray-700 bg-white dark:bg-gray-800 px-3 py-1.5 text-sm font-medium text-gray-700 dark:text-gray-200 hover:bg-gray-50 dark:hover:bg-gray-700 transition-colors\"\u001b[39m\n          \u001b[36m>\u001b[39m\n            \u001b[0mRefresh\u001b[0m\n          \u001b[36m</button>\u001b[39m\n        \u001b[36m</div>\u001b[39m\n      \u001b[36m</div>\u001b[39m\n      \u001b[36m<div>\u001b[39m\n        \u001b[36m<h3\u001b[39m\n          \u001b[33mclass\u001b[39m=\u001b[32m\"text-lg font-semibold text-gray-900 dark:text-white mb-3\"\u001b[39m\n        \u001b[36m>\u001b[39m\n          \u001b[0mService Status\u001b[0m\n        \u001b[36m</h3>\u001b[39m\n        \u001b[36m<div\u001b[39m\n          \u001b[33mclass\u001b[39m=\u001b[32m\"animate-pulse space-y-3\"\u001b[39m\n        \u001b[36m>\u001b[39m\n          \u001b[36m<div\u001b[39m\n            \u001b[33mclass\u001b[39m=\u001b[32m\"h-48 bg-gray-100 dark:bg-gray-800 rounded-xl\"\u001b[39m\n          \u001b[36m/>\u001b[39m\n          \u001b[36m<div\u001b[39m\n            \u001b[33mclass\u001b[39m=\u001b[32m\"h-48 bg-gray-100 dark:bg-gray-800 rounded-xl\"\u001b[39m\n          \u001b[36m/>\u001b[39m\n        \u001b[36m</div>\u001b[39m\n      \u001b[36m</div>\u001b[39m\n      \u001b[36m<div\u001b[39m\n        \u001b[33mclass\u001b[39m=\u001b[32m\"animate-pulse space-y-3\"\u001b[39m\n      \u001b[36m>\u001b[39m\n        \u001b[36m<div\u001b[39m\n          \u001b[33mclass\u001b[39m=\u001b[32m\"h-48 bg-gray-100 dark:bg-gray-800 rounded-xl\"\u001b[39m\n        \u001b[36m/>\u001b[39m\n        \u001b[36m<div\u001b[39m\n          \u001b[33mclass\u001b[39m=\u001b[32m\"h-48 bg-gray-100 dark:bg-gray-800 rounded-xl\"\u001b[39m\n        \u001b[36m/>\u001b[39m\n      \u001b[36m</div>\u001b[39m\n      \u001b[36m<div\u001b[39m\n        \u001b[33mclass\u001b[39m=\u001b[32m\"grid gap-6\"\u001b[39m\n      \u001b[36m>\u001b[39m\n        \u001b[36m<div\u001b[39m\n          \u001b[33mclass\u001b[39m=\u001b[32m\"rounded-xl border border-gray-200 dark:border-gray-800 bg-white dark:bg-gray-900 p-6 shadow-sm\"\u001b[39m\n        \u001b[36m>\u001b[39m\n          \u001b[36m<div\u001b[39m\n            \u001b[33mclass\u001b[39m=\u001b[32m\"flex items-center justify-between mb-4\"\u001b[39m\n          \u001b[36m>\u001b[39m\n            \u001b[36m<h3\u001b[39m\n              \u001b[33mclass\u001b[39m=\u001b[32m\"text-lg font-semibold text-gray-900 dark:text-white\"\u001b[39m\n            \u001b[36m>\u001b[39m\n              \u001b[0mHorizon RPC Status\u001b[0m\n            \u001b[36m</h3>\u001b[39m\n            \u001b[36m<span\u001b[39m\n              \u001b[33mclass\u001b[39m=\u001b[32m\"inline-flex items-center gap-1.5 px-2.5 py-1 rounded-full text-xs font-semibold bg-green-100 text-green-800 dark:bg-green-900/40 dark:text-green-300 border border-green-200 dark:border-green-800\"\u001b[39m\n            \u001b[36m>\u001b[39m\n              \u001b[36m<span>\u001b[39m\n                \u001b[0m●\u001b[0m\n              \u001b[36m</span>\u001b[39m\n              \u001b[0mReachable\u001b[0m\n            \u001b[36m</span>\u001b[39m\n          \u001b[36m</div>\u001b[39m\n          \u001b[36m<dl\u001b[39m\n            \u001b[33mclass\u001b[39m=\u001b[32m\"divide-y divide-gray-100 dark:divide-gray-800\"\u001b[39m\n          \u001b[36m>\u001b[39m\n            \u001b[36m<div\u001b[39m\n              \u001b[33mclass\u001b[39m=\u001b[32m\"flex flex-col py-4 border-b border-gray-100 dark:border-gray-800 last:border-0\"\u001b[39m\n            \u001b[36m>\u001b[39m\n              \u001b[36m<div\u001b[39m\n                \u001b[33mclass\u001b[39m=\u001b[32m\"flex flex-col sm:flex-row sm:items-center gap-1 sm:gap-4\"\u001b[39m\n              \u001b[36m>\u001b[39m\n                \u001b[36m<dt\u001b[39m\n                  \u001b[33mclass\u001b[39m=\u001b[32m\"text-sm font-medium text-gray-500 dark:text-gray-400 sm:w-48 shrink-0\"\u001b[39m\n                \u001b[36m>\u001b[39m\n                  \u001b[0mEndpoint\u001b[0m\n                \u001b[36m</dt>\u001b[39m\n                \u001b[36m<dd\u001b[39m\n                  \u001b[33mclass\u001b[39m=\u001b[32m\"text-sm text-gray-900 dark:text-white break-all font-mono text-xs text-teal-600 dark:text-teal-400\"\u001b[39m\n                \u001b[36m>\u001b[39m\n                  \u001b[0mhttps://horizon-testnet.stellar.org\u001b[0m\n                \u001b[36m</dd>\u001b[39m\n              \u001b[36m</div>\u001b[39m\n            \u001b[36m</div>\u001b[39m\n            \u001b[36m<div\u001b[39m\n              \u001b[33mclass\u001b[39m=\u001b[32m\"flex flex-col py-4 border-b border-gray-100 dark:border-gray-800 last:border-0\"\u001b[39m\n            \u001b[36m>\u001b[39m\n              \u001b[36m<div\u001b[39m\n                \u001b[33mclass\u001b[39m=\u001b[32m\"flex flex-col sm:flex-row sm:items-center gap-1 sm:gap-4\"\u001b[39m\n              \u001b[36m>\u001b[39m\n                \u001b[36m<dt\u001b[39m\n                  \u001b[33mclass\u001b[39m=\u001b[32m\"text-sm font-medium text-gray-500 dark:text-gray-400 sm:w-48 shrink-0\"\u001b[39m\n                \u001b[36m>\u001b[39m\n                  \u001b[0mLatency\u001b[0m\n                \u001b[36m</dt>\u001b[39m\n                \u001b[36m<dd\u001b[39m\n                  \u001b[33mclass\u001b[39m=\u001b[32m\"text-sm text-gray-900 dark:text-white break-all \"\u001b[39m\n                \u001b[36m>\u001b[39m\n                  \u001b[0m142 ms\u001b[0m\n                \u001b[36m</dd>\u001b[39m\n              \u001b[36m</div>\u001b[39m\n            \u001b[36m</div>\u001b[39m\n            \u001b[36m<div\u001b[39m\n              \u001b[33mclass\u001b[39m=\u001b[32m\"flex flex-col py-4 border-b border-gray-100 dark:border-gray-800 last:border-0\"\u001b[39m\n            \u001b[36m>\u001b[39m\n              \u001b[36m<div\u001b[39m\n                \u001b[33mclass\u001b[39m=\u001b[32m\"flex flex-col sm:flex-row sm:items-center gap-1 sm:gap-4\"\u001b[39m\n              \u001b[36m>\u001b[39m\n                \u001b[36m<dt\u001b[39m\n                  \u001b[33mclass\u001b[39m=\u001b[32m\"text-sm font-medium text-gray-500 dark:text-gray-400 sm:w-48 shrink-0\"\u001b[39m\n                \u001b[36m>\u001b[39m\n                  \u001b[0mChecked at\u001b[0m\n                \u001b[36m</dt>\u001b[39m\n                \u001b[36m<dd\u001b[39m\n                  \u001b[33mclass\u001b[39m=\u001b[32m\"text-sm text-gray-900 dark:text-white break-all \"\u001b[39m\n                \u001b[36m>\u001b[39m\n                  \u001b[0m20/06/2026, 11:00:00\u001b[0m\n                \u001b[36m</dd>\u001b[39m\n              \u001b[36m</div>\u001b[39m\n            \u001b[36m</div>\u001b[39m\n          \u001b[36m</dl>\u001b[39m\n        \u001b[36m</div>\u001b[39m\n        \u001b[36m<div\u001b[39m\n          \u001b[33mclass\u001b[39m=\u001b[32m\"rounded-xl border border-gray-200 dark:border-gray-800 bg-white dark:bg-gray-900 p-6 shadow-sm\"\u001b[39m\n        \u001b[36m>\u001b[39m\n          \u001b[36m<h3\u001b[39m\n            \u001b[33mclass\u001b[39m=\u001b[32m\"text-lg font-semibold text-gray-900 dark:text-white mb-2\"\u001b[39m\n          \u001b[36m>\u001b[39m\n            \u001b[0mNetwork Profile\u001b[0m\n          \u001b[36m</h3>\u001b[39m\n          \u001b[36m<d...\n    at waitForWrapper (C:\\Users\\Godsmiracle\\Desktop\\Xconfess\\node_modules\\@testing-library\\dom\\dist\\wait-for.js:163:27)\n    at Object.<anonymous> (C:\\Users\\Godsmiracle\\Desktop\\Xconfess\\xconfess-frontend\\app\\(dashboard)\\admin\\diagnostics\\__tests__\\page.test.tsx:163:18)\n    at Promise.finally.completed (C:\\Users\\Godsmiracle\\Desktop\\Xconfess\\node_modules\\jest-circus\\build\\jestAdapterInit.js:1557:28)\n    at new Promise (<anonymous>)\n    at callAsyncCircusFn (C:\\Users\\Godsmiracle\\Desktop\\Xconfess\\node_modules\\jest-circus\\build\\jestAdapterInit.js:1497:10)\n    at _callCircusTest (C:\\Users\\Godsmiracle\\Desktop\\Xconfess\\node_modules\\jest-circus\\build\\jestAdapterInit.js:1007:40)\n    at async _runTest (C:\\Users\\Godsmiracle\\Desktop\\Xconfess\\node_modules\\jest-circus\\build\\jestAdapterInit.js:947:3)\n    at async C:\\Users\\Godsmiracle\\Desktop\\Xconfess\\node_modules\\jest-circus\\build\\jestAdapterInit.js:849:7\n    at async _runTestsForDescribeBlock (C:\\Users\\Godsmiracle\\Desktop\\Xconfess\\node_modules\\jest-circus\\build\\jestAdapterInit.js:862:11)\n    at async _runTestsForDescribeBlock (C:\\Users\\Godsmiracle\\Desktop\\Xconfess\\node_modules\\jest-circus\\build\\jestAdapterInit.js:857:11)\n    at async run (C:\\Users\\Godsmiracle\\Desktop\\Xconfess\\node_modules\\jest-circus\\build\\jestAdapterInit.js:761:3)\n    at async runAndTransformResultsToJestFormat (C:\\Users\\Godsmiracle\\Desktop\\Xconfess\\node_modules\\jest-circus\\build\\jestAdapterInit.js:1918:21)\n    at async jestAdapter (C:\\Users\\Godsmiracle\\Desktop\\Xconfess\\node_modules\\jest-circus\\build\\runner.js:94:33)\n    at async runTestInternal (C:\\Users\\Godsmiracle\\Desktop\\Xconfess\\node_modules\\jest-runner\\build\\index.js:274:34)\n    at async runTest (C:\\Users\\Godsmiracle\\Desktop\\Xconfess\\node_modules\\jest-runner\\build\\index.js:334:50)"],"fullName":"DiagnosticsPage shows observability metrics and error state when observability fails","invocations":1,"location":null,"numPassingAsserts":0,"retryReasons":[],"startAt":1786377235887,"status":"failed","title":"shows observability metrics and error state when observability fails"},{"ancestorTitles":["DiagnosticsPage"],"duration":1027,"failing":false,"failureDetails":[{"name":"TestingLibraryElementError"}],"failureMessages":["Error: Unable to find an element with the text: Admin Observability. This could be because the text is broken up by multiple elements. In this case, you can provide a function for your text matcher to make your matcher more flexible.\n\nIgnored nodes: comments, script, style\n\u001b[36m<body>\u001b[39m\n  \u001b[36m<div>\u001b[39m\n    \u001b[36m<div\u001b[39m\n      \u001b[33mclass\u001b[39m=\u001b[32m\"space-y-6 max-w-4xl mx-auto p-4\"\u001b[39m\n    \u001b[36m>\u001b[39m\n      \u001b[36m<div\u001b[39m\n        \u001b[33mclass\u001b[39m=\u001b[32m\"flex flex-col sm:flex-row sm:items-center sm:justify-between gap-4\"\u001b[39m\n      \u001b[36m>\u001b[39m\n        \u001b[36m<div>\u001b[39m\n          \u001b[36m<h2\u001b[39m\n            \u001b[33mclass\u001b[39m=\u001b[32m\"text-2xl font-bold text-gray-900 dark:text-white\"\u001b[39m\n          \u001b[36m>\u001b[39m\n            \u001b[0mSystem Diagnostics\u001b[0m\n          \u001b[36m</h2>\u001b[39m\n          \u001b[36m<p\u001b[39m\n            \u001b[33mclass\u001b[39m=\u001b[32m\"mt-1 text-sm text-gray-500 dark:text-gray-400\"\u001b[39m\n          \u001b[36m>\u001b[39m\n            \u001b[0mService health, queue metrics, and operational overview.\u001b[0m\n          \u001b[36m</p>\u001b[39m\n        \u001b[36m</div>\u001b[39m\n        \u001b[36m<div\u001b[39m\n          \u001b[33mclass\u001b[39m=\u001b[32m\"flex items-center gap-3\"\u001b[39m\n        \u001b[36m>\u001b[39m\n          \u001b[36m<label\u001b[39m\n            \u001b[33mclass\u001b[39m=\u001b[32m\"flex items-center gap-2 text-sm text-gray-600 dark:text-gray-400\"\u001b[39m\n          \u001b[36m>\u001b[39m\n            \u001b[36m<input\u001b[39m\n              \u001b[33mclass\u001b[39m=\u001b[32m\"rounded border-gray-300 dark:border-gray-700\"\u001b[39m\n              \u001b[33mtype\u001b[39m=\u001b[32m\"checkbox\"\u001b[39m\n            \u001b[36m/>\u001b[39m\n            \u001b[0mAuto-refresh\u001b[0m\n          \u001b[36m</label>\u001b[39m\n          \u001b[36m<button\u001b[39m\n            \u001b[33mclass\u001b[39m=\u001b[32m\"inline-flex items-center gap-1.5 rounded-lg border border-gray-200 dark:border-gray-700 bg-white dark:bg-gray-800 px-3 py-1.5 text-sm font-medium text-gray-700 dark:text-gray-200 hover:bg-gray-50 dark:hover:bg-gray-700 transition-colors\"\u001b[39m\n          \u001b[36m>\u001b[39m\n            \u001b[0mRefresh\u001b[0m\n          \u001b[36m</button>\u001b[39m\n        \u001b[36m</div>\u001b[39m\n      \u001b[36m</div>\u001b[39m\n      \u001b[36m<div>\u001b[39m\n        \u001b[36m<h3\u001b[39m\n          \u001b[33mclass\u001b[39m=\u001b[32m\"text-lg font-semibold text-gray-900 dark:text-white mb-3\"\u001b[39m\n        \u001b[36m>\u001b[39m\n          \u001b[0mService Status\u001b[0m\n        \u001b[36m</h3>\u001b[39m\n        \u001b[36m<div\u001b[39m\n          \u001b[33mclass\u001b[39m=\u001b[32m\"animate-pulse space-y-3\"\u001b[39m\n        \u001b[36m>\u001b[39m\n          \u001b[36m<div\u001b[39m\n            \u001b[33mclass\u001b[39m=\u001b[32m\"h-48 bg-gray-100 dark:bg-gray-800 rounded-xl\"\u001b[39m\n          \u001b[36m/>\u001b[39m\n          \u001b[36m<div\u001b[39m\n            \u001b[33mclass\u001b[39m=\u001b[32m\"h-48 bg-gray-100 dark:bg-gray-800 rounded-xl\"\u001b[39m\n          \u001b[36m/>\u001b[39m\n        \u001b[36m</div>\u001b[39m\n      \u001b[36m</div>\u001b[39m\n      \u001b[36m<div\u001b[39m\n        \u001b[33mclass\u001b[39m=\u001b[32m\"rounded-xl border border-gray-200 dark:border-gray-800 bg-white dark:bg-gray-900 p-6 shadow-sm\"\u001b[39m\n      \u001b[36m>\u001b[39m\n        \u001b[36m<h3\u001b[39m\n          \u001b[33mclass\u001b[39m=\u001b[32m\"text-lg font-semibold text-gray-900 d
[...]
 requestIdResponseHeaders returns headers with x-request-id","invocations":1,"location":null,"numPassingAsserts":1,"retryReasons":[],"startAt":1786377271162,"status":"passed","title":"returns headers with x-request-id"}],"endTime":1786377271164,"message":"","name":"C:\\Users\\Godsmiracle\\Desktop\\Xconfess\\xconfess-frontend\\tests\\middleware\\request-id.spec.ts","startTime":1786377270942,"status":"passed","summary":""},{"assertionResults":[{"ancestorTitles":["getReconnectDelay"],"duration":2,"failing":false,"failureDetails":[],"failureMessages":[],"fullName":"getReconnectDelay returns base delay on attempt 0","invocations":1,"location":null,"numPassingAsserts":1,"retryReasons":[],"startAt":1786377271379,"status":"passed","title":"returns base delay on attempt 0"},{"ancestorTitles":["getReconnectDelay"],"duration":7,"failing":false,"failureDetails":[],"failureMessages":[],"fullName":"getReconnectDelay doubles delay on each attempt","invocations":1,"location":null,"numPassingAsserts":4,"retryReasons":[],"startAt":1786377271381,"status":"passed","title":"doubles delay on each attempt"},{"ancestorTitles":["getReconnectDelay"],"duration":1,"failing":false,"failureDetails":[],"failureMessages":[],"fullName":"getReconnectDelay caps at maxDelay","invocations":1,"location":null,"numPassingAsserts":2,"retryReasons":[],"startAt":1786377271389,"status":"passed","title":"caps at maxDelay"},{"ancestorTitles":["getReconnectDelay"],"duration":2,"failing":false,"failureDetails":[],"failureMessages":[],"fullName":"getReconnectDelay respects custom baseDelay","invocations":1,"location":null,"numPassingAsserts":3,"retryReasons":[],"startAt":1786377271390,"status":"passed","title":"respects custom baseDelay"},{"ancestorTitles":["getReconnectDelay"],"duration":1,"failing":false,"failureDetails":[],"failureMessages":[],"fullName":"getReconnectDelay respects custom maxDelay","invocations":1,"location":null,"numPassingAsserts":1,"retryReasons":[],"startAt":1786377271392,"status":"passed","title":"respects custom maxDelay"},{"ancestorTitles":["getReconnectDelay"],"duration":1,"failing":false,"failureDetails":[],"failureMessages":[],"fullName":"getReconnectDelay produces the 1s→2s→4s→30s sequence from the issue spec","invocations":1,"location":null,"numPassingAsserts":1,"retryReasons":[],"startAt":1786377271394,"status":"passed","title":"produces the 1s→2s→4s→30s sequence from the issue spec"},{"ancestorTitles":["WebSocket reconnection constants"],"duration":1,"failing":false,"failureDetails":[],"failureMessages":[],"fullName":"WebSocket reconnection constants default max attempts is 10","invocations":1,"location":null,"numPassingAsserts":1,"retryReasons":[],"startAt":1786377271396,"status":"passed","title":"default max attempts is 10"}],"endTime":1786377271399,"message":"","name":"C:\\Users\\Godsmiracle\\Desktop\\Xconfess\\xconfess-frontend\\app\\lib\\hooks\\__tests__\\useWebSocket.test.ts","startTime":1786377271177,"status":"passed","summary":""},{"assertionResults":[{"ancestorTitles":["Mobile Auth Recovery Regression Coverage"],"duration":8,"failing":false,"failureDetails":[],"failureMessages":[],"fullName":"Mobile Auth Recovery Regression Coverage shows loading state without redirecting while auth is unresolved","invocations":1,"location":null,"numPassingAsserts":3,"retryReasons":[],"startAt":1786377271632,"status":"passed","title":"shows loading state without redirecting while auth is unresolved"},{"ancestorTitles":["Mobile Auth Recovery Regression Coverage"],"duration":18,"failing":false,"failureDetails":[],"failureMessages":[],"fullName":"Mobile Auth Recovery Regression Coverage redirects unauthenticated users to login and suppresses protected content","invocations":1,"location":null,"numPassingAsserts":2,"retryReasons":[],"startAt":1786377271641,"status":"passed","title":"redirects unauthenticated users to login and suppresses protected content"},{"ancestorTitles":["Mobile Auth Recovery Regression Coverage"],"duration":3,"failing":false,"failureDetails":[],"failureMessages":[],"fullName":"Mobile Auth Recovery Regression Coverage renders protected content for authenticated users without redirecting","invocations":1,"location":null,"numPassingAsserts":2,"retryReasons":[],"startAt":1786377271660,"status":"passed","title":"renders protected content for authenticated users without redirecting"}],"endTime":1786377271672,"message":"","name":"C:\\Users\\Godsmiracle\\Desktop\\Xconfess\\xconfess-frontend\\tests\\mobile-auth-recovery.spec.tsx","startTime":1786377271411,"status":"passed","summary":""},{"assertionResults":[{"ancestorTitles":["useDebounce"],"duration":7,"failing":false,"failureDetails":[],"failureMessages":[],"fullName":"useDebounce should return initial value immediately","invocations":1,"location":null,"numPassingAsserts":1,"retryReasons":[],"startAt":1786377271902,"status":"passed","title":"should return initial value immediately"},{"ancestorTitles":["useDebounce"],"duration":13,"failing":false,"failureDetails":[],"failureMessages":[],"fullName":"useDebounce should debounce value changes","invocations":1,"location":null,"numPassingAsserts":4,"retryReasons":[],"startAt":1786377271909,"status":"passed","title":"should debounce value changes"},{"ancestorTitles":["useDebounce"],"duration":5,"failing":false,"failureDetails":[],"failureMessages":[],"fullName":"useDebounce should reset timer on rapid value changes","invocations":1,"location":null,"numPassingAsserts":2,"retryReasons":[],"startAt":1786377271922,"status":"passed","title":"should reset timer on rapid value changes"},{"ancestorTitles":["useDebounce"],"duration":4,"failing":false,"failureDetails":[],"failureMessages":[],"fullName":"useDebounce should handle different delay values","invocations":1,"location":null,"numPassingAsserts":2,"retryReasons":[],"startAt":1786377271928,"status":"passed","title":"should handle different delay values"},{"ancestorTitles":["useDebounce"],"duration":6,"failing":false,"failureDetails":[],"failureMessages":[],"fullName":"useDebounce should work with different value types","invocations":1,"location":null,"numPassingAsserts":3,"retryReasons":[],"startAt":1786377271932,"status":"passed","title":"should work with different value types"},{"ancestorTitles":["useDebounce"],"duration":4,"failing":false,"failureDetails":[],"failureMessages":[],"fullName":"useDebounce should cleanup timeout on unmount","invocations":1,"location":null,"numPassingAsserts":1,"retryReasons":[],"startAt":1786377271938,"status":"passed","title":"should cleanup timeout on unmount"},{"ancestorTitles":["useDebounce"],"duration":3,"failing":false,"failureDetails":[],"failureMessages":[],"fullName":"useDebounce should handle zero delay","invocations":1,"location":null,"numPassingAsserts":1,"retryReasons":[],"startAt":1786377271942,"status":"passed","title":"should handle zero delay"},{"ancestorTitles":["useDebounce"],"duration":8,"failing":false,"failureDetails":[],"failureMessages":[],"fullName":"useDebounce should handle undefined values","invocations":1,"location":null,"numPassingAsserts":3,"retryReasons":[],"startAt":1786377271946,"status":"passed","title":"should handle undefined values"}],"endTime":1786377271957,"message":"","name":"C:\\Users\\Godsmiracle\\Desktop\\Xconfess\\xconfess-frontend\\app\\lib\\hooks\\__tests__\\useDebounce.test.ts","startTime":1786377271683,"status":"passed","summary":""},{"assertionResults":[{"ancestorTitles":["getWalletCTAState"],"duration":3,"failing":false,"failureDetails":[],"failureMessages":[],"fullName":"getWalletCTAState returns loading state","invocations":1,"location":null,"numPassingAsserts":1,"retryReasons":[],"startAt":1786377272152,"status":"passed","title":"returns loading state"},{"ancestorTitles":["getWalletCTAState"],"duration":2,"failing":false,"failureDetails":[],"failureMessages":[],"fullName":"getWalletCTAState returns not-installed state","invocations":1,"location":null,"numPassingAsserts":1,"retryReasons":[],"startAt":1786377272155,"status":"passed","title":"returns not-installed state"},{"ancestorTitles":["getWalletCTAState"],"duration":2,"failing":false,"failureDetails":[],"failureMessages":[],"fullName":"getWalletCTAState returns not-connected state","invocations":1,"location":null,"numPassingAsserts":1,"retryReasons":[],"startAt":1786377272157,"status":"passed","title":"returns not-connected state"},{"ancestorTitles":["getWalletCTAState"],"duration":1,"failing":false,"failureDetails":[],"failureMessages":[],"fullName":"getWalletCTAState returns not-ready state for wrong network","invocations":1,"location":null,"numPassingAsserts":1,"retryReasons":[],"startAt":1786377272159,"status":"passed","title":"returns not-ready state for wrong network"},{"ancestorTitles":["getWalletCTAState"],"duration":2,"failing":false,"failureDetails":[],"failureMessages":[],"fullName":"getWalletCTAState returns not-ready state for connected but not ready wallet","invocations":1,"location":null,"numPassingAsserts":1,"retryReasons":[],"startAt":1786377272166,"status":"passed","title":"returns not-ready state for connected but not ready wallet"},{"ancestorTitles":["getWalletCTAState"],"duration":1,"failing":false,"failureDetails":[],"failureMessages":[],"fullName":"getWalletCTAState returns ready state","invocations":1,"location":null,"numPassingAsserts":1,"retryReasons":[],"startAt":1786377272169,"status":"passed","title":"returns ready state"},{"ancestorTitles":["getWalletCTAState"],"duration":1,"failing":false,"failureDetails":[],"failureMessages":[],"fullName":"getWalletCTAState respects extraDisabled when ready","invocations":1,"location":null,"numPassingAsserts":1,"retryReasons":[],"startAt":1786377272171,"status":"passed","title":"respects extraDisabled when ready"},{"ancestorTitles":["getWalletCTAState"],"duration":1,"failing":false,"failureDetails":[],"failureMessages":[],"fullName":"getWalletCTAState ignores extraDisabled when not ready","invocations":1,"location":null,"numPassingAsserts":1,"retryReasons":[],"startAt":1786377272173,"status":"passed","title":"ignores extraDisabled when not ready"}],"endTime":1786377272176,"message":"","name":"C:\\Users\\Godsmiracle\\Desktop\\Xconfess\\xconfess-frontend\\tests\\wallet\\useWalletCTAState.spec.ts","startTime":1786377271967,"status":"passed","summary":""},{"assertionResults":[{"ancestorTitles":["authApi.register — proxy routing"],"duration":9,"failing":false,"failureDetails":[],"failureMessages":[],"fullName":"authApi.register — proxy routing POSTs to /api/users/register, not directly to the backend","invocations":1,"location":null,"numPassingAsserts":5,"retryReasons":[],"startAt":1786377272409,"status":"passed","title":"POSTs to /api/users/register, not directly to the backend"},{"ancestorTitles":["authApi.register — proxy routing"],"duration":6,"failing":false,"failureDetails":[],"failureMessages":[],"fullName":"authApi.register — proxy routing throws on non-ok response","invocations":1,"location":null,"numPassingAsserts":1,"retryReasons":[],"startAt":1786377272418,"status":"passed","title":"throws on non-ok response"},{"ancestorTitles":["authApi.register — proxy routing"],"duration":4,"failing":false,"failureDetails":[],"failureMessages":[],"fullName":"authApi.register — proxy routing throws on network failure","invocations":1,"location":null,"numPassingAsserts":1,"retryReasons":[],"startAt":1786377272424,"status":"passed","title":"throws on network failure"}],"endTime":1786377272430,"message":"","name":"C:\\Users\\Godsmiracle\\Desktop\\Xconfess\\xconfess-frontend\\app\\lib\\api\\__tests__\\authService.register.test.ts","startTime":1786377272191,"status":"passed","summary":""},{"assertionResults":[{"ancestorTitles":["normalizeConfession","content field"],"duration":2,"failing":false,"failureDetails":[],"failureMessages":[],"fullName":"normalizeConfession content field maps `message` to `content`","invocations":1,"location":null,"numPassingAsserts":1,"retryReasons":[],"startAt":1786377272639,"status":"passed","title":"maps `message` to `content`"},{"ancestorTitles":["normalizeConfession","content field"],"duration":1,"failing":false,"failureDetails":[],"failureMessages":[],"fullName":"normalizeConfession content field falls back to `body` when `message` is absent","invocations":1,"location":null,"numPassingAsserts":1,"retryReasons":[],"startAt":1786377272642,"status":"passed","title":"falls back to `body` when `message` is absent"},{"ancestorTitles":["normalizeConfession","content field"],"duration":1,"failing":false,"failureDetails":[],"failureMessages":[],"fullName":"normalizeConfession content field falls back to `content` when both `message` and `body` are absent","invocations":1,"location":null,"numPassingAsserts":1,"retryReasons":[],"startAt":1786377272644,"status":"passed","title":"falls back to `content` when both `message` and `body` are absent"},{"ancestorTitles":["normalizeConfession","content field"],"duration":1,"failing":false,"failureDetails":[],"failureMessages":[],"fullName":"normalizeConfession content field returns empty string when no content field is present","invocations":1,"location":null,"numPassingAsserts":1,"retryReasons":[],"startAt":1786377272646,"status":"passed","title":"returns empty string when no content field is present"},{"ancestorTitles":["normalizeConfession","createdAt field"],"duration":1,"failing":false,"failureDetails":[],"failureMessages":[],"fullName":"normalizeConfession createdAt field maps `created_at` to `createdAt`","invocations":1,"location":null,"numPassingAsserts":1,"retryReasons":[],"startAt":1786377272647,"status":"passed","title":"maps `created_at` to `createdAt`"},{"ancestorTitles":["normalizeConfession","createdAt field"],"duration":0,"failing":false,"failureDetails":[],"failureMessages":[],"fullName":"normalizeConfession createdAt field falls back to `createdAt` when `created_at` is absent","invocations":1,"location":null,"numPassingAsserts":1,"retryReasons":[],"startAt":1786377272649,"status":"passed","title":"falls back to `createdAt` when `created_at` is absent"},{"ancestorTitles":["normalizeConfession","createdAt field"],"duration":2,"failing":false,"failureDetails":[],"failureMessages":[],"fullName":"normalizeConfession createdAt field falls back to a non-undefined value when date is absent","invocations":1,"location":null,"numPassingAsserts":2,"retryReasons":[],"startAt":1786377272649,"status":"passed","title":"falls back to a non-undefined value when date is absent"},{"ancestorTitles":["normalizeConfession","viewCount field"],"duration":2,"failing":false,"failureDetails":[],"failureMessages":[],"fullName":"normalizeConfession viewCount field maps `view_count` to `viewCount`","invocations":1,"location":null,"numPassingAsserts":1,"retryReasons":[],"startAt":1786377272656,"status":"passed","title":"maps `view_count` to `viewCount`"},{"ancestorTitles":["normalizeConfession","viewCount field"],"duration":2,"failing":false,"failureDetails":[],"failureMessages":[],"fullName":"normalizeConfession viewCount field falls back to `viewCount` when `view_count` is absent","invocations":1,"location":null,"numPassingAsserts":1,"retryReasons":[],"startAt":1786377272658,"status":"passed","title":"falls back to `viewCount` when `view_count` is absent"},{"ancestorTitles":["normalizeConfession","viewCount field"],"duration":1,"failing":false,"failureDetails":[],"failureMessages":[],"fullName":"normalizeConfession viewCount field defaults to 0 when absent","invocations":1,"location":null,"numPassingAsserts":1,"retryReasons":[],"startAt":1786377272660,"status":"passed","title":"defaults to 0 when absent"},{"ancestorTitles":["normalizeConfession","commentCount field"],"duration":1,"failing":false,"failureDetails":[],"failureMessages":[],"fullName":"normalizeConfession commentCount field uses `commentCount` when present","invocations":1,"location":null,"numPassingAsserts":1,"retryReasons":[],"startAt":1786377272662,"status":"passed","title":"uses `commentCount` when present"},{"ancestorTitles":["normalizeConfession","commentCount field"],"duration":1,"failing":false,"failureDetails":[],"failureMessages":[],"fullName":"normalizeConfession commentCount field counts `comments` array length as fallback","invocations":1,"location":null,"numPassingAsserts":1,"retryReasons":[],"startAt":1786377272663,"status":"passed","title":"counts `comments` array length as fallback"},{"ancestorTitles":["normalizeConfession","commentCount field"],"duration":2,"failing":false,"failureDetails":[],"failureMessages":[],"fullName":"normalizeConfession commentCount field defaults to 0 when both are absent","invocations":1,"location":null,"numPassingAsserts":1,"retryReasons":[],"startAt":1786377272664,"status":"passed","title":"defaults to 0 when both are absent"},{"ancestorTitles":["normalizeConfession","reactions field"],"duration":2,"failing":false,"failureDetails":[],"failureMessages":[],"fullName":"normalizeConfession reactions field converts reactions array into a keyed object","invocations":1,"location":null,"numPassingAsserts":1,"retryReasons":[],"startAt":1786377272667,"status":"passed","title":"converts reactions array into a keyed object"},{"ancestorTitles":["normalizeConfession","reactions field"],"duration":1,"failing":false,"failureDetails":[],"failureMessages":[],"fullName":"normalizeConfession reactions field passes through an already-normalized reactions object unchanged","invocations":1,"location":null,"numPassingAsserts":1,"retryReasons":[],"startAt":1786377272670,"status":"passed","title":"passes through an already-normalized reactions object unchanged"},{"ancestorTitles":["normalizeConfession","reactions field"],"duration":1,"failing":false,"failureDetails":[],"failureMessages":[],"fullName":"normalizeConfession reactions field returns { like: 0, love: 0 } for an empty reactions array","invocations":1,"location":null,"numPassingAsserts":1,"retryReasons":[],"startAt":1786377272672,"status":"passed","title":"returns { like: 0, love: 0 } for an empty reactions array"},{"ancestorTitles":["normalizeConfession","reactions field"],"duration":2,"failing":false,"failureDetails":[],"failureMessages":[],"fullName":"normalizeConfession reactions field returns { like: 0, love: 0 } when reactions is absent","invocations":1,"location":null,"numPassingAsserts":1,"retryReasons":[],"startAt":1786377272674,"status":"passed","title":"returns { like: 0, love: 0 } when reactions is absent"},{"ancestorTitles":["normalizeConfession","reactions field"],"duration":0,"failing":false,"failureDetails":[],"failureMessages":[],"fullName":"normalizeConfession reactions field accumulates multiple reactions of the same type","invocations":1,"location":null,"numPassingAsserts":1,"retryReasons":[],"startAt":1786377272676,"status":"passed","title":"accumulates multiple reactions of the same type"},{"ancestorTitles":["normalizeConfession","idempotency — already-normalized shape passes through"],"duration":4,"failing":false,"failureDetails":[],"failureMessages":[],"fullName":"normalizeConfession idempotency — already-normalized shape passes through does not change a confession that is already in the correct shape","invocations":1,"location":null,"numPassingAsserts":5,"retryReasons":[],"startAt":1786377272677,"status":"passed","title":"does not change a confession that is already in the correct shape"},{"ancestorTitles":["normalizeConfession","no undefined fields in output"],"duration":1,"failing":false,"failureDetails":[],"failureMessages":[],"fullName":"normalizeConfession no undefined fields in output all required fields are defined even for an empty raw object","invocations":1,"location":null,"numPassingAsserts":6,"retryReasons":[],"startAt":1786377272682,"status":"passed","title":"all required fields are defined even for an empty raw object"}],"endTime":1786377272686,"message":"","name":"C:\\Users\\Godsmiracle\\Desktop\\Xconfess\\xconfess-frontend\\app\\lib\\utils\\__tests__\\normalizeConfession.test.ts","startTime":1786377272440,"status":"passed","summary":""}],"wasInterrupted":false}
